{"E:\\Projetos VSCODE\\licitadocs\\frontend\\src\\App.tsx": {"path":"E:\\Projetos VSCODE\\licitadocs\\frontend\\src\\App.tsx","statementMap":{"0":{"start":{"line":37,"column":2},"end":{"line":87,"column":null}}},"fnMap":{"0":{"name":"App","decl":{"start":{"line":36,"column":9},"end":{"line":36,"column":15}},"loc":{"start":{"line":36,"column":15},"end":{"line":89,"column":null}},"line":36}},"branchMap":{},"s":{"0":6},"f":{"0":6},"b":{},"meta":{"lastBranch":0,"lastFunction":1,"lastStatement":1,"seen":{"f:36:9:36:15":0,"s:37:2:87:Infinity":0}}}
,"E:\\Projetos VSCODE\\licitadocs\\frontend\\src\\components\\ProtectedRoute.tsx": {"path":"E:\\Projetos VSCODE\\licitadocs\\frontend\\src\\components\\ProtectedRoute.tsx","statementMap":{"0":{"start":{"line":12,"column":43},"end":{"line":12,"column":null}},"1":{"start":{"line":13,"column":10},"end":{"line":13,"column":null}},"2":{"start":{"line":16,"column":4},"end":{"line":25,"column":null}},"3":{"start":{"line":17,"column":8},"end":{"line":23,"column":null}},"4":{"start":{"line":28,"column":4},"end":{"line":31,"column":null}},"5":{"start":{"line":30,"column":8},"end":{"line":30,"column":null}},"6":{"start":{"line":34,"column":4},"end":{"line":60,"column":null}},"7":{"start":{"line":35,"column":8},"end":{"line":58,"column":null}},"8":{"start":{"line":46,"column":39},"end":{"line":46,"column":null}},"9":{"start":{"line":63,"column":4},"end":{"line":63,"column":null}}},"fnMap":{"0":{"name":"ProtectedRoute","decl":{"start":{"line":11,"column":16},"end":{"line":11,"column":31}},"loc":{"start":{"line":11,"column":80},"end":{"line":64,"column":null}},"line":11},"1":{"name":"(anonymous_1)","decl":{"start":{"line":46,"column":33},"end":{"line":46,"column":39}},"loc":{"start":{"line":46,"column":39},"end":{"line":46,"column":null}},"line":46}},"branchMap":{"0":{"loc":{"start":{"line":16,"column":4},"end":{"line":25,"column":null}},"type":"if","locations":[{"start":{"line":16,"column":4},"end":{"line":25,"column":null}},{"start":{},"end":{}}],"line":16},"1":{"loc":{"start":{"line":28,"column":4},"end":{"line":31,"column":null}},"type":"if","locations":[{"start":{"line":28,"column":4},"end":{"line":31,"column":null}},{"start":{},"end":{}}],"line":28},"2":{"loc":{"start":{"line":34,"column":4},"end":{"line":60,"column":null}},"type":"if","locations":[{"start":{"line":34,"column":4},"end":{"line":60,"column":null}},{"start":{},"end":{}}],"line":34},"3":{"loc":{"start":{"line":34,"column":8},"end":{"line":34,"column":67}},"type":"binary-expr","locations":[{"start":{"line":34,"column":8},"end":{"line":34,"column":24}},{"start":{"line":34,"column":24},"end":{"line":34,"column":32}},{"start":{"line":34,"column":32},"end":{"line":34,"column":67}}],"line":34}},"s":{"0":4,"1":4,"2":4,"3":1,"4":3,"5":1,"6":2,"7":1,"8":0,"9":1},"f":{"0":4,"1":0},"b":{"0":[1,3],"1":[1,2],"2":[1,1],"3":[2,2,2]},"meta":{"lastBranch":4,"lastFunction":2,"lastStatement":10,"seen":{"f:11:16:11:31":0,"s:12:43:12:Infinity":0,"s:13:10:13:Infinity":1,"b:16:4:25:Infinity:undefined:undefined:undefined:undefined":0,"s:16:4:25:Infinity":2,"s:17:8:23:Infinity":3,"b:28:4:31:Infinity:undefined:undefined:undefined:undefined":1,"s:28:4:31:Infinity":4,"s:30:8:30:Infinity":5,"b:34:4:60:Infinity:undefined:undefined:undefined:undefined":2,"s:34:4:60:Infinity":6,"b:34:8:34:24:34:24:34:32:34:32:34:67":3,"s:35:8:58:Infinity":7,"f:46:33:46:39":1,"s:46:39:46:Infinity":8,"s:63:4:63:Infinity":9}}}
,"E:\\Projetos VSCODE\\licitadocs\\frontend\\src\\components\\ChatWidget\\index.tsx": {"path":"E:\\Projetos VSCODE\\licitadocs\\frontend\\src\\components\\ChatWidget\\index.tsx","statementMap":{"0":{"start":{"line":15,"column":28},"end":{"line":15,"column":null}},"1":{"start":{"line":16,"column":32},"end":{"line":22,"column":null}},"2":{"start":{"line":23,"column":36},"end":{"line":23,"column":null}},"3":{"start":{"line":24,"column":30},"end":{"line":24,"column":null}},"4":{"start":{"line":25,"column":10},"end":{"line":25,"column":null}},"5":{"start":{"line":28,"column":4},"end":{"line":32,"column":null}},"6":{"start":{"line":29,"column":8},"end":{"line":31,"column":null}},"7":{"start":{"line":30,"column":12},"end":{"line":30,"column":null}},"8":{"start":{"line":35,"column":8},"end":{"line":35,"column":null}},"9":{"start":{"line":36,"column":8},"end":{"line":36,"column":null}},"10":{"start":{"line":36,"column":43},"end":{"line":36,"column":null}},"11":{"start":{"line":38,"column":21},"end":{"line":38,"column":null}},"12":{"start":{"line":39,"column":8},"end":{"line":39,"column":null}},"13":{"start":{"line":42,"column":8},"end":{"line":42,"column":null}},"14":{"start":{"line":42,"column":28},"end":{"line":42,"column":86}},"15":{"start":{"line":43,"column":8},"end":{"line":43,"column":null}},"16":{"start":{"line":45,"column":8},"end":{"line":70,"column":null}},"17":{"start":{"line":47,"column":25},"end":{"line":47,"column":null}},"18":{"start":{"line":50,"column":12},"end":{"line":54,"column":null}},"19":{"start":{"line":50,"column":32},"end":{"line":54,"column":14}},"20":{"start":{"line":57,"column":12},"end":{"line":57,"column":null}},"21":{"start":{"line":58,"column":12},"end":{"line":60,"column":null}},"22":{"start":{"line":63,"column":12},"end":{"line":67,"column":null}},"23":{"start":{"line":63,"column":32},"end":{"line":67,"column":14}},"24":{"start":{"line":69,"column":12},"end":{"line":69,"column":null}},"25":{"start":{"line":73,"column":4},"end":{"line":156,"column":null}},"26":{"start":{"line":95,"column":43},"end":{"line":95,"column":null}},"27":{"start":{"line":106,"column":28},"end":{"line":106,"column":null}},"28":{"start":{"line":129,"column":45},"end":{"line":129,"column":null}},"29":{"start":{"line":147,"column":31},"end":{"line":147,"column":null}},"30":{"start":{"line":162,"column":19},"end":{"line":162,"column":null}},"31":{"start":{"line":164,"column":4},"end":{"line":183,"column":null}}},"fnMap":{"0":{"name":"ChatWidget","decl":{"start":{"line":14,"column":16},"end":{"line":14,"column":29}},"loc":{"start":{"line":14,"column":29},"end":{"line":158,"column":null}},"line":14},"1":{"name":"(anonymous_1)","decl":{"start":{"line":28,"column":14},"end":{"line":28,"column":20}},"loc":{"start":{"line":28,"column":20},"end":{"line":32,"column":7}},"line":28},"2":{"name":"handleSendMessage","decl":{"start":{"line":34,"column":19},"end":{"line":34,"column":37}},"loc":{"start":{"line":34,"column":57},"end":{"line":71,"column":null}},"line":34},"3":{"name":"(anonymous_3)","decl":{"start":{"line":42,"column":20},"end":{"line":42,"column":28}},"loc":{"start":{"line":42,"column":28},"end":{"line":42,"column":86}},"line":42},"4":{"name":"(anonymous_4)","decl":{"start":{"line":50,"column":24},"end":{"line":50,"column":32}},"loc":{"start":{"line":50,"column":32},"end":{"line":54,"column":14}},"line":50},"5":{"name":"(anonymous_5)","decl":{"start":{"line":63,"column":24},"end":{"line":63,"column":32}},"loc":{"start":{"line":63,"column":32},"end":{"line":67,"column":14}},"line":63},"6":{"name":"(anonymous_6)","decl":{"start":{"line":95,"column":37},"end":{"line":95,"column":43}},"loc":{"start":{"line":95,"column":43},"end":{"line":95,"column":null}},"line":95},"7":{"name":"(anonymous_7)","decl":{"start":{"line":105,"column":38},"end":{"line":105,"column":39}},"loc":{"start":{"line":106,"column":28},"end":{"line":106,"column":null}},"line":106},"8":{"name":"(anonymous_8)","decl":{"start":{"line":129,"column":38},"end":{"line":129,"column":39}},"loc":{"start":{"line":129,"column":45},"end":{"line":129,"column":null}},"line":129},"9":{"name":"(anonymous_9)","decl":{"start":{"line":147,"column":25},"end":{"line":147,"column":31}},"loc":{"start":{"line":147,"column":31},"end":{"line":147,"column":null}},"line":147},"10":{"name":"MessageBubble","decl":{"start":{"line":161,"column":9},"end":{"line":161,"column":23}},"loc":{"start":{"line":161,"column":58},"end":{"line":185,"column":null}},"line":161}},"branchMap":{"0":{"loc":{"start":{"line":29,"column":8},"end":{"line":31,"column":null}},"type":"if","locations":[{"start":{"line":29,"column":8},"end":{"line":31,"column":null}},{"start":{},"end":{}}],"line":29},"1":{"loc":{"start":{"line":36,"column":8},"end":{"line":36,"column":null}},"type":"if","locations":[{"start":{"line":36,"column":8},"end":{"line":36,"column":null}},{"start":{},"end":{}}],"line":36},"2":{"loc":{"start":{"line":36,"column":12},"end":{"line":36,"column":43}},"type":"binary-expr","locations":[{"start":{"line":36,"column":12},"end":{"line":36,"column":34}},{"start":{"line":36,"column":34},"end":{"line":36,"column":43}}],"line":36},"3":{"loc":{"start":{"line":77,"column":13},"end":{"line":142,"column":null}},"type":"binary-expr","locations":[{"start":{"line":77,"column":13},"end":{"line":77,"column":null}},{"start":{"line":78,"column":16},"end":{"line":142,"column":null}}],"line":77},"4":{"loc":{"start":{"line":110,"column":25},"end":{"line":119,"column":null}},"type":"binary-expr","locations":[{"start":{"line":110,"column":25},"end":{"line":110,"column":null}},{"start":{"line":111,"column":28},"end":{"line":119,"column":null}}],"line":110},"5":{"loc":{"start":{"line":135,"column":38},"end":{"line":135,"column":null}},"type":"binary-expr","locations":[{"start":{"line":135,"column":38},"end":{"line":135,"column":49}},{"start":{"line":135,"column":49},"end":{"line":135,"column":null}}],"line":135},"6":{"loc":{"start":{"line":148,"column":165},"end":{"line":150,"column":null}},"type":"cond-expr","locations":[{"start":{"line":149,"column":22},"end":{"line":149,"column":null}},{"start":{"line":150,"column":22},"end":{"line":150,"column":null}}],"line":148},"7":{"loc":{"start":{"line":152,"column":28},"end":{"line":152,"column":null}},"type":"cond-expr","locations":[{"start":{"line":152,"column":37},"end":{"line":152,"column":53}},{"start":{"line":152,"column":53},"end":{"line":152,"column":null}}],"line":152},"8":{"loc":{"start":{"line":154,"column":17},"end":{"line":154,"column":null}},"type":"cond-expr","locations":[{"start":{"line":154,"column":26},"end":{"line":154,"column":44}},{"start":{"line":154,"column":44},"end":{"line":154,"column":null}}],"line":154},"9":{"loc":{"start":{"line":165,"column":38},"end":{"line":165,"column":70}},"type":"cond-expr","locations":[{"start":{"line":165,"column":47},"end":{"line":165,"column":68}},{"start":{"line":165,"column":68},"end":{"line":165,"column":70}}],"line":165},"10":{"loc":{"start":{"line":167,"column":111},"end":{"line":169,"column":null}},"type":"cond-expr","locations":[{"start":{"line":168,"column":18},"end":{"line":168,"column":null}},{"start":{"line":169,"column":18},"end":{"line":169,"column":null}}],"line":167},"11":{"loc":{"start":{"line":171,"column":17},"end":{"line":171,"column":null}},"type":"cond-expr","locations":[{"start":{"line":171,"column":26},"end":{"line":171,"column":47}},{"start":{"line":171,"column":47},"end":{"line":171,"column":null}}],"line":171},"12":{"loc":{"start":{"line":176,"column":112},"end":{"line":178,"column":null}},"type":"cond-expr","locations":[{"start":{"line":177,"column":22},"end":{"line":177,"column":null}},{"start":{"line":178,"column":22},"end":{"line":178,"column":null}}],"line":176}},"s":{"0":46,"1":46,"2":46,"3":46,"4":46,"5":46,"6":12,"7":8,"8":2,"9":2,"10":0,"11":2,"12":2,"13":2,"14":2,"15":2,"16":2,"17":2,"18":1,"19":1,"20":1,"21":1,"22":1,"23":1,"24":2,"25":46,"26":0,"27":48,"28":34,"29":4,"30":48,"31":48},"f":{"0":46,"1":12,"2":2,"3":2,"4":1,"5":1,"6":0,"7":48,"8":34,"9":4,"10":48},"b":{"0":[8,4],"1":[0,2],"2":[2,2],"3":[46,42],"4":[42,2],"5":[42,40],"6":[42,4],"7":[42,4],"8":[42,4],"9":[4,44],"10":[4,44],"11":[4,44],"12":[4,44]},"meta":{"lastBranch":13,"lastFunction":11,"lastStatement":32,"seen":{"f:14:16:14:29":0,"s:15:28:15:Infinity":0,"s:16:32:22:Infinity":1,"s:23:36:23:Infinity":2,"s:24:30:24:Infinity":3,"s:25:10:25:Infinity":4,"s:28:4:32:Infinity":5,"f:28:14:28:20":1,"b:29:8:31:Infinity:undefined:undefined:undefined:undefined":0,"s:29:8:31:Infinity":6,"s:30:12:30:Infinity":7,"f:34:19:34:37":2,"s:35:8:35:Infinity":8,"b:36:8:36:Infinity:undefined:undefined:undefined:undefined":1,"s:36:8:36:Infinity":9,"b:36:12:36:34:36:34:36:43":2,"s:36:43:36:Infinity":10,"s:38:21:38:Infinity":11,"s:39:8:39:Infinity":12,"s:42:8:42:Infinity":13,"f:42:20:42:28":3,"s:42:28:42:86":14,"s:43:8:43:Infinity":15,"s:45:8:70:Infinity":16,"s:47:25:47:Infinity":17,"s:50:12:54:Infinity":18,"f:50:24:50:32":4,"s:50:32:54:14":19,"s:57:12:57:Infinity":20,"s:58:12:60:Infinity":21,"s:63:12:67:Infinity":22,"f:63:24:63:32":5,"s:63:32:67:14":23,"s:69:12:69:Infinity":24,"s:73:4:156:Infinity":25,"b:77:13:77:Infinity:78:16:142:Infinity":3,"f:95:37:95:43":6,"s:95:43:95:Infinity":26,"f:105:38:105:39":7,"s:106:28:106:Infinity":27,"b:110:25:110:Infinity:111:28:119:Infinity":4,"f:129:38:129:39":8,"s:129:45:129:Infinity":28,"b:135:38:135:49:135:49:135:Infinity":5,"f:147:25:147:31":9,"s:147:31:147:Infinity":29,"b:149:22:149:Infinity:150:22:150:Infinity":6,"b:152:37:152:53:152:53:152:Infinity":7,"b:154:26:154:44:154:44:154:Infinity":8,"f:161:9:161:23":10,"s:162:19:162:Infinity":30,"s:164:4:183:Infinity":31,"b:165:47:165:68:165:68:165:70":9,"b:168:18:168:Infinity:169:18:169:Infinity":10,"b:171:26:171:47:171:47:171:Infinity":11,"b:177:22:177:Infinity:178:22:178:Infinity":12}}}
,"E:\\Projetos VSCODE\\licitadocs\\frontend\\src\\components\\CompanyVault\\index.tsx": {"path":"E:\\Projetos VSCODE\\licitadocs\\frontend\\src\\components\\CompanyVault\\index.tsx","statementMap":{"0":{"start":{"line":26,"column":10},"end":{"line":46,"column":null}},"1":{"start":{"line":27,"column":37},"end":{"line":27,"column":null}},"2":{"start":{"line":29,"column":8},"end":{"line":43,"column":null}},"3":{"start":{"line":31,"column":28},"end":{"line":31,"column":null}},"4":{"start":{"line":33,"column":12},"end":{"line":35,"column":null}},"5":{"start":{"line":34,"column":16},"end":{"line":34,"column":null}},"6":{"start":{"line":38,"column":12},"end":{"line":42,"column":null}},"7":{"start":{"line":39,"column":16},"end":{"line":39,"column":null}},"8":{"start":{"line":41,"column":16},"end":{"line":41,"column":null}},"9":{"start":{"line":45,"column":8},"end":{"line":45,"column":null}},"10":{"start":{"line":49,"column":23},"end":{"line":49,"column":null}},"11":{"start":{"line":51,"column":4},"end":{"line":58,"column":null}},"12":{"start":{"line":52,"column":8},"end":{"line":56,"column":null}},"13":{"start":{"line":60,"column":4},"end":{"line":70,"column":null}},"14":{"start":{"line":63,"column":16},"end":{"line":68,"column":null}},"15":{"start":{"line":76,"column":28},"end":{"line":76,"column":null}},"16":{"start":{"line":77,"column":38},"end":{"line":77,"column":null}},"17":{"start":{"line":79,"column":20},"end":{"line":79,"column":null}},"18":{"start":{"line":81,"column":4},"end":{"line":81,"column":null}},"19":{"start":{"line":81,"column":18},"end":{"line":81,"column":null}},"20":{"start":{"line":83,"column":4},"end":{"line":133,"column":null}},"21":{"start":{"line":88,"column":31},"end":{"line":88,"column":null}},"22":{"start":{"line":111,"column":45},"end":{"line":111,"column":83}},"23":{"start":{"line":117,"column":47},"end":{"line":117,"column":null}},"24":{"start":{"line":126,"column":60},"end":{"line":126,"column":108}},"25":{"start":{"line":139,"column":22},"end":{"line":139,"column":null}},"26":{"start":{"line":141,"column":23},"end":{"line":148,"column":null}},"27":{"start":{"line":142,"column":8},"end":{"line":147,"column":null}},"28":{"start":{"line":143,"column":12},"end":{"line":143,"column":null}},"29":{"start":{"line":144,"column":12},"end":{"line":144,"column":null}},"30":{"start":{"line":146,"column":12},"end":{"line":146,"column":null}},"31":{"start":{"line":150,"column":4},"end":{"line":224,"column":null}}},"fnMap":{"0":{"name":"CompanyVault","decl":{"start":{"line":24,"column":16},"end":{"line":24,"column":29}},"loc":{"start":{"line":24,"column":63},"end":{"line":72,"column":null}},"line":24},"1":{"name":"(anonymous_1)","decl":{"start":{"line":26,"column":32},"end":{"line":26,"column":38}},"loc":{"start":{"line":26,"column":38},"end":{"line":46,"column":7}},"line":26},"2":{"name":"(anonymous_2)","decl":{"start":{"line":29,"column":26},"end":{"line":29,"column":33}},"loc":{"start":{"line":29,"column":33},"end":{"line":43,"column":9}},"line":29},"3":{"name":"(anonymous_3)","decl":{"start":{"line":62,"column":28},"end":{"line":62,"column":29}},"loc":{"start":{"line":63,"column":16},"end":{"line":68,"column":null}},"line":63},"4":{"name":"VaultSection","decl":{"start":{"line":75,"column":9},"end":{"line":75,"column":22}},"loc":{"start":{"line":75,"column":130},"end":{"line":135,"column":null}},"line":75},"5":{"name":"(anonymous_5)","decl":{"start":{"line":88,"column":25},"end":{"line":88,"column":31}},"loc":{"start":{"line":88,"column":31},"end":{"line":88,"column":null}},"line":88},"6":{"name":"(anonymous_6)","decl":{"start":{"line":111,"column":38},"end":{"line":111,"column":45}},"loc":{"start":{"line":111,"column":45},"end":{"line":111,"column":83}},"line":111},"7":{"name":"(anonymous_7)","decl":{"start":{"line":117,"column":41},"end":{"line":117,"column":47}},"loc":{"start":{"line":117,"column":47},"end":{"line":117,"column":null}},"line":117},"8":{"name":"(anonymous_8)","decl":{"start":{"line":126,"column":53},"end":{"line":126,"column":60}},"loc":{"start":{"line":126,"column":60},"end":{"line":126,"column":108}},"line":126},"9":{"name":"DocumentRow","decl":{"start":{"line":138,"column":9},"end":{"line":138,"column":21}},"loc":{"start":{"line":138,"column":92},"end":{"line":226,"column":null}},"line":138},"10":{"name":"(anonymous_10)","decl":{"start":{"line":141,"column":23},"end":{"line":141,"column":35}},"loc":{"start":{"line":141,"column":35},"end":{"line":148,"column":null}},"line":141}},"branchMap":{"0":{"loc":{"start":{"line":31,"column":28},"end":{"line":31,"column":null}},"type":"binary-expr","locations":[{"start":{"line":31,"column":28},"end":{"line":31,"column":49}},{"start":{"line":31,"column":49},"end":{"line":31,"column":null}}],"line":31},"1":{"loc":{"start":{"line":33,"column":12},"end":{"line":35,"column":null}},"type":"if","locations":[{"start":{"line":33,"column":12},"end":{"line":35,"column":null}},{"start":{},"end":{}}],"line":33},"2":{"loc":{"start":{"line":38,"column":12},"end":{"line":42,"column":null}},"type":"if","locations":[{"start":{"line":38,"column":12},"end":{"line":42,"column":null}},{"start":{"line":40,"column":19},"end":{"line":42,"column":null}}],"line":38},"3":{"loc":{"start":{"line":51,"column":4},"end":{"line":58,"column":null}},"type":"if","locations":[{"start":{"line":51,"column":4},"end":{"line":58,"column":null}},{"start":{},"end":{}}],"line":51},"4":{"loc":{"start":{"line":79,"column":20},"end":{"line":79,"column":null}},"type":"binary-expr","locations":[{"start":{"line":79,"column":20},"end":{"line":79,"column":44}},{"start":{"line":79,"column":44},"end":{"line":79,"column":null}}],"line":79},"5":{"loc":{"start":{"line":81,"column":4},"end":{"line":81,"column":null}},"type":"if","locations":[{"start":{"line":81,"column":4},"end":{"line":81,"column":null}},{"start":{},"end":{}}],"line":81},"6":{"loc":{"start":{"line":91,"column":21},"end":{"line":91,"column":null}},"type":"cond-expr","locations":[{"start":{"line":91,"column":30},"end":{"line":91,"column":85}},{"start":{"line":91,"column":85},"end":{"line":91,"column":null}}],"line":91},"7":{"loc":{"start":{"line":106,"column":13},"end":{"line":131,"column":null}},"type":"binary-expr","locations":[{"start":{"line":106,"column":13},"end":{"line":106,"column":null}},{"start":{"line":107,"column":16},"end":{"line":131,"column":null}}],"line":106},"8":{"loc":{"start":{"line":108,"column":21},"end":{"line":111,"column":null}},"type":"cond-expr","locations":[{"start":{"line":109,"column":24},"end":{"line":109,"column":null}},{"start":{"line":111,"column":24},"end":{"line":111,"column":null}}],"line":108},"9":{"loc":{"start":{"line":114,"column":21},"end":{"line":129,"column":null}},"type":"binary-expr","locations":[{"start":{"line":114,"column":21},"end":{"line":114,"column":null}},{"start":{"line":115,"column":24},"end":{"line":129,"column":null}}],"line":114},"10":{"loc":{"start":{"line":121,"column":33},"end":{"line":121,"column":null}},"type":"cond-expr","locations":[{"start":{"line":121,"column":47},"end":{"line":121,"column":77}},{"start":{"line":121,"column":77},"end":{"line":121,"column":null}}],"line":121},"11":{"loc":{"start":{"line":124,"column":29},"end":{"line":127,"column":null}},"type":"binary-expr","locations":[{"start":{"line":124,"column":29},"end":{"line":124,"column":null}},{"start":{"line":125,"column":32},"end":{"line":127,"column":null}}],"line":124},"12":{"loc":{"start":{"line":138,"column":28},"end":{"line":138,"column":46}},"type":"default-arg","locations":[{"start":{"line":138,"column":40},"end":{"line":138,"column":46}}],"line":138},"13":{"loc":{"start":{"line":151,"column":92},"end":{"line":151,"column":174}},"type":"cond-expr","locations":[{"start":{"line":151,"column":104},"end":{"line":151,"column":146}},{"start":{"line":151,"column":146},"end":{"line":151,"column":174}}],"line":151},"14":{"loc":{"start":{"line":153,"column":59},"end":{"line":153,"column":129}},"type":"cond-expr","locations":[{"start":{"line":153,"column":71},"end":{"line":153,"column":103}},{"start":{"line":153,"column":103},"end":{"line":153,"column":129}}],"line":153},"15":{"loc":{"start":{"line":158,"column":66},"end":{"line":158,"column":126}},"type":"cond-expr","locations":[{"start":{"line":158,"column":78},"end":{"line":158,"column":110}},{"start":{"line":158,"column":110},"end":{"line":158,"column":126}}],"line":158},"16":{"loc":{"start":{"line":165,"column":25},"end":{"line":171,"column":null}},"type":"binary-expr","locations":[{"start":{"line":165,"column":25},"end":{"line":165,"column":null}},{"start":{"line":166,"column":28},"end":{"line":171,"column":null}}],"line":165},"17":{"loc":{"start":{"line":168,"column":49},"end":{"line":168,"column":110}},"type":"cond-expr","locations":[{"start":{"line":168,"column":75},"end":{"line":168,"column":106}},{"start":{"line":168,"column":106},"end":{"line":168,"column":110}}],"line":168},"18":{"loc":{"start":{"line":168,"column":49},"end":{"line":168,"column":75}},"type":"binary-expr","locations":[{"start":{"line":168,"column":49},"end":{"line":168,"column":62}},{"start":{"line":168,"column":62},"end":{"line":168,"column":75}}],"line":168},"19":{"loc":{"start":{"line":175,"column":25},"end":{"line":181,"column":null}},"type":"binary-expr","locations":[{"start":{"line":175,"column":25},"end":{"line":175,"column":null}},{"start":{"line":176,"column":28},"end":{"line":181,"column":null}}],"line":175},"20":{"loc":{"start":{"line":183,"column":25},"end":{"line":189,"column":null}},"type":"binary-expr","locations":[{"start":{"line":183,"column":25},"end":{"line":183,"column":null}},{"start":{"line":184,"column":28},"end":{"line":189,"column":null}}],"line":183},"21":{"loc":{"start":{"line":197,"column":21},"end":{"line":212,"column":null}},"type":"cond-expr","locations":[{"start":{"line":198,"column":24},"end":{"line":200,"column":null}},{"start":{"line":201,"column":24},"end":{"line":212,"column":null}}],"line":197},"22":{"loc":{"start":{"line":201,"column":24},"end":{"line":212,"column":null}},"type":"cond-expr","locations":[{"start":{"line":202,"column":24},"end":{"line":204,"column":null}},{"start":{"line":205,"column":24},"end":{"line":212,"column":null}}],"line":201},"23":{"loc":{"start":{"line":205,"column":24},"end":{"line":212,"column":null}},"type":"cond-expr","locations":[{"start":{"line":206,"column":24},"end":{"line":208,"column":null}},{"start":{"line":210,"column":24},"end":{"line":212,"column":null}}],"line":205}},"s":{"0":7,"1":7,"2":7,"3":12,"4":12,"5":9,"6":12,"7":3,"8":9,"9":7,"10":7,"11":7,"12":1,"13":6,"14":9,"15":11,"16":11,"17":11,"18":11,"19":0,"20":11,"21":1,"22":10,"23":1,"24":1,"25":11,"26":11,"27":2,"28":2,"29":2,"30":1,"31":11},"f":{"0":7,"1":7,"2":12,"3":9,"4":11,"5":1,"6":10,"7":1,"8":1,"9":11,"10":2},"b":{"0":[12,3],"1":[9,3],"2":[3,9],"3":[1,6],"4":[11,0],"5":[0,11],"6":[10,1],"7":[11,10],"8":[0,10],"9":[10,4],"10":[1,3],"11":[4,1],"12":[11],"13":[1,10],"14":[1,10],"15":[1,10],"16":[11,8],"17":[0,8],"18":[8,0],"19":[11,7],"20":[11,7],"21":[1,10],"22":[0,10],"23":[3,7]},"meta":{"lastBranch":24,"lastFunction":11,"lastStatement":32,"seen":{"f:24:16:24:29":0,"s:26:10:46:Infinity":0,"f:26:32:26:38":1,"s:27:37:27:Infinity":1,"s:29:8:43:Infinity":2,"f:29:26:29:33":2,"s:31:28:31:Infinity":3,"b:31:28:31:49:31:49:31:Infinity":0,"b:33:12:35:Infinity:undefined:undefined:undefined:undefined":1,"s:33:12:35:Infinity":4,"s:34:16:34:Infinity":5,"b:38:12:42:Infinity:40:19:42:Infinity":2,"s:38:12:42:Infinity":6,"s:39:16:39:Infinity":7,"s:41:16:41:Infinity":8,"s:45:8:45:Infinity":9,"s:49:23:49:Infinity":10,"b:51:4:58:Infinity:undefined:undefined:undefined:undefined":3,"s:51:4:58:Infinity":11,"s:52:8:56:Infinity":12,"s:60:4:70:Infinity":13,"f:62:28:62:29":3,"s:63:16:68:Infinity":14,"f:75:9:75:22":4,"s:76:28:76:Infinity":15,"s:77:38:77:Infinity":16,"s:79:20:79:Infinity":17,"b:79:20:79:44:79:44:79:Infinity":4,"b:81:4:81:Infinity:undefined:undefined:undefined:undefined":5,"s:81:4:81:Infinity":18,"s:81:18:81:Infinity":19,"s:83:4:133:Infinity":20,"f:88:25:88:31":5,"s:88:31:88:Infinity":21,"b:91:30:91:85:91:85:91:Infinity":6,"b:106:13:106:Infinity:107:16:131:Infinity":7,"b:109:24:109:Infinity:111:24:111:Infinity":8,"f:111:38:111:45":6,"s:111:45:111:83":22,"b:114:21:114:Infinity:115:24:129:Infinity":9,"f:117:41:117:47":7,"s:117:47:117:Infinity":23,"b:121:47:121:77:121:77:121:Infinity":10,"b:124:29:124:Infinity:125:32:127:Infinity":11,"f:126:53:126:60":8,"s:126:60:126:108":24,"f:138:9:138:21":9,"b:138:40:138:46":12,"s:139:22:139:Infinity":25,"s:141:23:148:Infinity":26,"f:141:23:141:35":10,"s:142:8:147:Infinity":27,"s:143:12:143:Infinity":28,"s:144:12:144:Infinity":29,"s:146:12:146:Infinity":30,"s:150:4:224:Infinity":31,"b:151:104:151:146:151:146:151:174":13,"b:153:71:153:103:153:103:153:129":14,"b:158:78:158:110:158:110:158:126":15,"b:165:25:165:Infinity:166:28:171:Infinity":16,"b:168:75:168:106:168:106:168:110":17,"b:168:49:168:62:168:62:168:75":18,"b:175:25:175:Infinity:176:28:181:Infinity":19,"b:183:25:183:Infinity:184:28:189:Infinity":20,"b:198:24:200:Infinity:201:24:212:Infinity":21,"b:202:24:204:Infinity:205:24:212:Infinity":22,"b:206:24:208:Infinity:210:24:212:Infinity":23}}}
,"E:\\Projetos VSCODE\\licitadocs\\frontend\\src\\components\\UploadModal\\index.tsx": {"path":"E:\\Projetos VSCODE\\licitadocs\\frontend\\src\\components\\UploadModal\\index.tsx","statementMap":{"0":{"start":{"line":26,"column":38},"end":{"line":26,"column":null}},"1":{"start":{"line":27,"column":36},"end":{"line":27,"column":null}},"2":{"start":{"line":28,"column":44},"end":{"line":28,"column":null}},"3":{"start":{"line":30,"column":65},"end":{"line":30,"column":null}},"4":{"start":{"line":33,"column":4},"end":{"line":41,"column":null}},"5":{"start":{"line":34,"column":8},"end":{"line":40,"column":null}},"6":{"start":{"line":35,"column":12},"end":{"line":35,"column":null}},"7":{"start":{"line":36,"column":12},"end":{"line":39,"column":null}},"8":{"start":{"line":37,"column":32},"end":{"line":37,"column":51}},"9":{"start":{"line":38,"column":29},"end":{"line":38,"column":85}},"10":{"start":{"line":39,"column":31},"end":{"line":39,"column":55}},"11":{"start":{"line":43,"column":4},"end":{"line":43,"column":null}},"12":{"start":{"line":43,"column":17},"end":{"line":43,"column":null}},"13":{"start":{"line":46,"column":8},"end":{"line":49,"column":null}},"14":{"start":{"line":47,"column":12},"end":{"line":47,"column":null}},"15":{"start":{"line":48,"column":12},"end":{"line":48,"column":null}},"16":{"start":{"line":51,"column":8},"end":{"line":54,"column":null}},"17":{"start":{"line":52,"column":12},"end":{"line":52,"column":null}},"18":{"start":{"line":53,"column":12},"end":{"line":53,"column":null}},"19":{"start":{"line":56,"column":8},"end":{"line":56,"column":null}},"20":{"start":{"line":57,"column":8},"end":{"line":77,"column":null}},"21":{"start":{"line":59,"column":12},"end":{"line":67,"column":null}},"22":{"start":{"line":69,"column":12},"end":{"line":69,"column":null}},"23":{"start":{"line":70,"column":12},"end":{"line":70,"column":null}},"24":{"start":{"line":71,"column":12},"end":{"line":71,"column":null}},"25":{"start":{"line":72,"column":12},"end":{"line":72,"column":null}},"26":{"start":{"line":74,"column":12},"end":{"line":74,"column":null}},"27":{"start":{"line":76,"column":12},"end":{"line":76,"column":null}},"28":{"start":{"line":80,"column":4},"end":{"line":198,"column":null}},"29":{"start":{"line":140,"column":32},"end":{"line":146,"column":null}},"30":{"start":{"line":142,"column":40},"end":{"line":144,"column":null}}},"fnMap":{"0":{"name":"UploadModal","decl":{"start":{"line":25,"column":16},"end":{"line":25,"column":28}},"loc":{"start":{"line":25,"column":95},"end":{"line":200,"column":null}},"line":25},"1":{"name":"(anonymous_1)","decl":{"start":{"line":33,"column":14},"end":{"line":33,"column":20}},"loc":{"start":{"line":33,"column":20},"end":{"line":41,"column":7}},"line":33},"2":{"name":"(anonymous_2)","decl":{"start":{"line":37,"column":22},"end":{"line":37,"column":23}},"loc":{"start":{"line":37,"column":32},"end":{"line":37,"column":51}},"line":37},"3":{"name":"(anonymous_3)","decl":{"start":{"line":38,"column":23},"end":{"line":38,"column":29}},"loc":{"start":{"line":38,"column":29},"end":{"line":38,"column":85}},"line":38},"4":{"name":"(anonymous_4)","decl":{"start":{"line":39,"column":25},"end":{"line":39,"column":31}},"loc":{"start":{"line":39,"column":31},"end":{"line":39,"column":55}},"line":39},"5":{"name":"handleUpload","decl":{"start":{"line":45,"column":19},"end":{"line":45,"column":32}},"loc":{"start":{"line":45,"column":50},"end":{"line":78,"column":null}},"line":45},"6":{"name":"(anonymous_6)","decl":{"start":{"line":139,"column":44},"end":{"line":139,"column":45}},"loc":{"start":{"line":140,"column":32},"end":{"line":146,"column":null}},"line":140},"7":{"name":"(anonymous_7)","decl":{"start":{"line":141,"column":56},"end":{"line":141,"column":57}},"loc":{"start":{"line":142,"column":40},"end":{"line":144,"column":null}},"line":142}},"branchMap":{"0":{"loc":{"start":{"line":34,"column":8},"end":{"line":40,"column":null}},"type":"if","locations":[{"start":{"line":34,"column":8},"end":{"line":40,"column":null}},{"start":{},"end":{}}],"line":34},"1":{"loc":{"start":{"line":43,"column":4},"end":{"line":43,"column":null}},"type":"if","locations":[{"start":{"line":43,"column":4},"end":{"line":43,"column":null}},{"start":{},"end":{}}],"line":43},"2":{"loc":{"start":{"line":46,"column":8},"end":{"line":49,"column":null}},"type":"if","locations":[{"start":{"line":46,"column":8},"end":{"line":49,"column":null}},{"start":{},"end":{}}],"line":46},"3":{"loc":{"start":{"line":51,"column":8},"end":{"line":54,"column":null}},"type":"if","locations":[{"start":{"line":51,"column":8},"end":{"line":54,"column":null}},{"start":{},"end":{}}],"line":51},"4":{"loc":{"start":{"line":64,"column":36},"end":{"line":64,"column":null}},"type":"binary-expr","locations":[{"start":{"line":64,"column":36},"end":{"line":64,"column":60}},{"start":{"line":64,"column":60},"end":{"line":64,"column":null}}],"line":64},"5":{"loc":{"start":{"line":65,"column":40},"end":{"line":65,"column":null}},"type":"binary-expr","locations":[{"start":{"line":65,"column":40},"end":{"line":65,"column":67}},{"start":{"line":65,"column":67},"end":{"line":65,"column":null}}],"line":65},"6":{"loc":{"start":{"line":74,"column":24},"end":{"line":74,"column":100}},"type":"binary-expr","locations":[{"start":{"line":74,"column":24},"end":{"line":74,"column":56}},{"start":{"line":74,"column":56},"end":{"line":74,"column":100}}],"line":74},"7":{"loc":{"start":{"line":123,"column":25},"end":{"line":123,"column":null}},"type":"binary-expr","locations":[{"start":{"line":123,"column":25},"end":{"line":123,"column":40}},{"start":{"line":123,"column":40},"end":{"line":123,"column":null}}],"line":123},"8":{"loc":{"start":{"line":135,"column":33},"end":{"line":135,"column":null}},"type":"cond-expr","locations":[{"start":{"line":135,"column":50},"end":{"line":135,"column":77}},{"start":{"line":135,"column":77},"end":{"line":135,"column":null}}],"line":135},"9":{"loc":{"start":{"line":149,"column":25},"end":{"line":149,"column":null}},"type":"binary-expr","locations":[{"start":{"line":149,"column":25},"end":{"line":149,"column":42}},{"start":{"line":149,"column":42},"end":{"line":149,"column":null}}],"line":149}},"s":{"0":17,"1":17,"2":17,"3":17,"4":17,"5":5,"6":4,"7":4,"8":4,"9":0,"10":4,"11":17,"12":2,"13":2,"14":0,"15":0,"16":2,"17":0,"18":0,"19":2,"20":2,"21":2,"22":1,"23":1,"24":1,"25":1,"26":1,"27":2,"28":15,"29":7,"30":14},"f":{"0":17,"1":5,"2":4,"3":0,"4":4,"5":2,"6":7,"7":14},"b":{"0":[4,1],"1":[2,15],"2":[0,2],"3":[0,2],"4":[2,1],"5":[2,1],"6":[1,0],"7":[15,1],"8":[4,11],"9":[17,1]},"meta":{"lastBranch":10,"lastFunction":8,"lastStatement":31,"seen":{"f:25:16:25:28":0,"s:26:38:26:Infinity":0,"s:27:36:27:Infinity":1,"s:28:44:28:Infinity":2,"s:30:65:30:Infinity":3,"s:33:4:41:Infinity":4,"f:33:14:33:20":1,"b:34:8:40:Infinity:undefined:undefined:undefined:undefined":0,"s:34:8:40:Infinity":5,"s:35:12:35:Infinity":6,"s:36:12:39:Infinity":7,"f:37:22:37:23":2,"s:37:32:37:51":8,"f:38:23:38:29":3,"s:38:29:38:85":9,"f:39:25:39:31":4,"s:39:31:39:55":10,"b:43:4:43:Infinity:undefined:undefined:undefined:undefined":1,"s:43:4:43:Infinity":11,"s:43:17:43:Infinity":12,"f:45:19:45:32":5,"b:46:8:49:Infinity:undefined:undefined:undefined:undefined":2,"s:46:8:49:Infinity":13,"s:47:12:47:Infinity":14,"s:48:12:48:Infinity":15,"b:51:8:54:Infinity:undefined:undefined:undefined:undefined":3,"s:51:8:54:Infinity":16,"s:52:12:52:Infinity":17,"s:53:12:53:Infinity":18,"s:56:8:56:Infinity":19,"s:57:8:77:Infinity":20,"s:59:12:67:Infinity":21,"b:64:36:64:60:64:60:64:Infinity":4,"b:65:40:65:67:65:67:65:Infinity":5,"s:69:12:69:Infinity":22,"s:70:12:70:Infinity":23,"s:71:12:71:Infinity":24,"s:72:12:72:Infinity":25,"s:74:12:74:Infinity":26,"b:74:24:74:56:74:56:74:100":6,"s:76:12:76:Infinity":27,"s:80:4:198:Infinity":28,"b:123:25:123:40:123:40:123:Infinity":7,"b:135:50:135:77:135:77:135:Infinity":8,"f:139:44:139:45":6,"s:140:32:146:Infinity":29,"f:141:56:141:57":7,"s:142:40:144:Infinity":30,"b:149:25:149:42:149:42:149:Infinity":9}}}
,"E:\\Projetos VSCODE\\licitadocs\\frontend\\src\\components\\layout\\MainLayout.tsx": {"path":"E:\\Projetos VSCODE\\licitadocs\\frontend\\src\\components\\layout\\MainLayout.tsx","statementMap":{"0":{"start":{"line":9,"column":17},"end":{"line":9,"column":null}},"1":{"start":{"line":10,"column":10},"end":{"line":10,"column":null}},"2":{"start":{"line":11,"column":48},"end":{"line":11,"column":null}},"3":{"start":{"line":13,"column":47},"end":{"line":20,"column":null}},"4":{"start":{"line":22,"column":25},"end":{"line":22,"column":null}},"5":{"start":{"line":24,"column":4},"end":{"line":101,"column":null}},"6":{"start":{"line":36,"column":39},"end":{"line":36,"column":null}},"7":{"start":{"line":45,"column":43},"end":{"line":45,"column":null}},"8":{"start":{"line":62,"column":43},"end":{"line":62,"column":null}}},"fnMap":{"0":{"name":"MainLayout","decl":{"start":{"line":8,"column":16},"end":{"line":8,"column":29}},"loc":{"start":{"line":8,"column":29},"end":{"line":103,"column":null}},"line":8},"1":{"name":"(anonymous_1)","decl":{"start":{"line":36,"column":33},"end":{"line":36,"column":39}},"loc":{"start":{"line":36,"column":39},"end":{"line":36,"column":null}},"line":36},"2":{"name":"(anonymous_2)","decl":{"start":{"line":45,"column":37},"end":{"line":45,"column":43}},"loc":{"start":{"line":45,"column":43},"end":{"line":45,"column":null}},"line":45},"3":{"name":"(anonymous_3)","decl":{"start":{"line":62,"column":37},"end":{"line":62,"column":43}},"loc":{"start":{"line":62,"column":43},"end":{"line":62,"column":null}},"line":62}},"branchMap":{"0":{"loc":{"start":{"line":22,"column":25},"end":{"line":22,"column":null}},"type":"binary-expr","locations":[{"start":{"line":22,"column":25},"end":{"line":22,"column":58}},{"start":{"line":22,"column":58},"end":{"line":22,"column":null}}],"line":22},"1":{"loc":{"start":{"line":31,"column":13},"end":{"line":51,"column":null}},"type":"binary-expr","locations":[{"start":{"line":31,"column":13},"end":{"line":31,"column":null}},{"start":{"line":32,"column":16},"end":{"line":51,"column":null}}],"line":31},"2":{"loc":{"start":{"line":76,"column":33},"end":{"line":76,"column":null}},"type":"binary-expr","locations":[{"start":{"line":76,"column":33},"end":{"line":76,"column":46}},{"start":{"line":76,"column":46},"end":{"line":76,"column":null}}],"line":76},"3":{"loc":{"start":{"line":78,"column":105},"end":{"line":80,"column":null}},"type":"cond-expr","locations":[{"start":{"line":79,"column":34},"end":{"line":79,"column":null}},{"start":{"line":80,"column":34},"end":{"line":80,"column":null}}],"line":78}},"s":{"0":4,"1":4,"2":4,"3":4,"4":4,"5":4,"6":0,"7":0,"8":1},"f":{"0":4,"1":0,"2":0,"3":1},"b":{"0":[4,1],"1":[4,1],"2":[4,0],"3":[4,0]},"meta":{"lastBranch":4,"lastFunction":4,"lastStatement":9,"seen":{"f:8:16:8:29":0,"s:9:17:9:Infinity":0,"s:10:10:10:Infinity":1,"s:11:48:11:Infinity":2,"s:13:47:20:Infinity":3,"s:22:25:22:Infinity":4,"b:22:25:22:58:22:58:22:Infinity":0,"s:24:4:101:Infinity":5,"b:31:13:31:Infinity:32:16:51:Infinity":1,"f:36:33:36:39":1,"s:36:39:36:Infinity":6,"f:45:37:45:43":2,"s:45:43:45:Infinity":7,"f:62:37:62:43":3,"s:62:43:62:Infinity":8,"b:76:33:76:46:76:46:76:Infinity":2,"b:79:34:79:Infinity:80:34:80:Infinity":3}}}
,"E:\\Projetos VSCODE\\licitadocs\\frontend\\src\\components\\layout\\Sidebar.tsx": {"path":"E:\\Projetos VSCODE\\licitadocs\\frontend\\src\\components\\layout\\Sidebar.tsx","statementMap":{"0":{"start":{"line":21,"column":68},"end":{"line":21,"column":null}},"1":{"start":{"line":22,"column":10},"end":{"line":22,"column":null}},"2":{"start":{"line":24,"column":20},"end":{"line":24,"column":null}},"3":{"start":{"line":26,"column":26},"end":{"line":29,"column":null}},"4":{"start":{"line":27,"column":8},"end":{"line":27,"column":null}},"5":{"start":{"line":28,"column":8},"end":{"line":28,"column":null}},"6":{"start":{"line":33,"column":4},"end":{"line":136,"column":null}},"7":{"start":{"line":67,"column":36},"end":{"line":74,"column":null}},"8":{"start":{"line":69,"column":55},"end":{"line":69,"column":null}},"9":{"start":{"line":142,"column":10},"end":{"line":142,"column":null}},"10":{"start":{"line":144,"column":21},"end":{"line":144,"column":null}},"11":{"start":{"line":146,"column":4},"end":{"line":156,"column":null}}},"fnMap":{"0":{"name":"Sidebar","decl":{"start":{"line":20,"column":16},"end":{"line":20,"column":24}},"loc":{"start":{"line":20,"column":58},"end":{"line":138,"column":null}},"line":20},"1":{"name":"(anonymous_1)","decl":{"start":{"line":26,"column":26},"end":{"line":26,"column":32}},"loc":{"start":{"line":26,"column":32},"end":{"line":29,"column":null}},"line":26},"2":{"name":"(anonymous_2)","decl":{"start":{"line":66,"column":47},"end":{"line":66,"column":48}},"loc":{"start":{"line":67,"column":36},"end":{"line":74,"column":null}},"line":67},"3":{"name":"(anonymous_3)","decl":{"start":{"line":69,"column":49},"end":{"line":69,"column":55}},"loc":{"start":{"line":69,"column":55},"end":{"line":69,"column":null}},"line":69},"4":{"name":"NavItem","decl":{"start":{"line":141,"column":9},"end":{"line":141,"column":17}},"loc":{"start":{"line":141,"column":120},"end":{"line":158,"column":null}},"line":141}},"branchMap":{"0":{"loc":{"start":{"line":20,"column":26},"end":{"line":20,"column":41}},"type":"default-arg","locations":[{"start":{"line":20,"column":38},"end":{"line":20,"column":41}}],"line":20},"1":{"loc":{"start":{"line":34,"column":95},"end":{"line":34,"column":123}},"type":"binary-expr","locations":[{"start":{"line":34,"column":95},"end":{"line":34,"column":108}},{"start":{"line":34,"column":108},"end":{"line":34,"column":123}}],"line":34},"2":{"loc":{"start":{"line":39,"column":100},"end":{"line":39,"column":141}},"type":"cond-expr","locations":[{"start":{"line":39,"column":110},"end":{"line":39,"column":128}},{"start":{"line":39,"column":128},"end":{"line":39,"column":141}}],"line":39},"3":{"loc":{"start":{"line":40,"column":25},"end":{"line":40,"column":null}},"type":"cond-expr","locations":[{"start":{"line":40,"column":35},"end":{"line":40,"column":84}},{"start":{"line":40,"column":84},"end":{"line":40,"column":null}}],"line":40},"4":{"loc":{"start":{"line":46,"column":17},"end":{"line":86,"column":null}},"type":"binary-expr","locations":[{"start":{"line":46,"column":17},"end":{"line":46,"column":null}},{"start":{"line":47,"column":20},"end":{"line":86,"column":null}}],"line":46},"5":{"loc":{"start":{"line":53,"column":41},"end":{"line":53,"column":null}},"type":"binary-expr","locations":[{"start":{"line":53,"column":41},"end":{"line":53,"column":73}},{"start":{"line":53,"column":73},"end":{"line":53,"column":null}}],"line":53},"6":{"loc":{"start":{"line":56,"column":41},"end":{"line":56,"column":null}},"type":"binary-expr","locations":[{"start":{"line":56,"column":41},"end":{"line":56,"column":65}},{"start":{"line":56,"column":65},"end":{"line":56,"column":null}}],"line":56},"7":{"loc":{"start":{"line":70,"column":132},"end":{"line":70,"column":202}},"type":"cond-expr","locations":[{"start":{"line":70,"column":168},"end":{"line":70,"column":186}},{"start":{"line":70,"column":186},"end":{"line":70,"column":202}}],"line":70},"8":{"loc":{"start":{"line":72,"column":89},"end":{"line":72,"column":155}},"type":"cond-expr","locations":[{"start":{"line":72,"column":125},"end":{"line":72,"column":141}},{"start":{"line":72,"column":141},"end":{"line":72,"column":155}}],"line":72},"9":{"loc":{"start":{"line":89,"column":17},"end":{"line":92,"column":null}},"type":"binary-expr","locations":[{"start":{"line":89,"column":17},"end":{"line":89,"column":null}},{"start":{"line":90,"column":20},"end":{"line":92,"column":null}}],"line":89},"10":{"loc":{"start":{"line":98,"column":17},"end":{"line":112,"column":null}},"type":"cond-expr","locations":[{"start":{"line":99,"column":20},"end":{"line":104,"column":null}},{"start":{"line":106,"column":20},"end":{"line":112,"column":null}}],"line":98},"11":{"loc":{"start":{"line":109,"column":25},"end":{"line":110,"column":null}},"type":"binary-expr","locations":[{"start":{"line":109,"column":25},"end":{"line":109,"column":null}},{"start":{"line":110,"column":28},"end":{"line":110,"column":null}}],"line":109},"12":{"loc":{"start":{"line":124,"column":77},"end":{"line":124,"column":115}},"type":"cond-expr","locations":[{"start":{"line":124,"column":87},"end":{"line":124,"column":105}},{"start":{"line":124,"column":105},"end":{"line":124,"column":115}}],"line":124},"13":{"loc":{"start":{"line":149,"column":109},"end":{"line":151,"column":null}},"type":"cond-expr","locations":[{"start":{"line":150,"column":18},"end":{"line":150,"column":null}},{"start":{"line":151,"column":18},"end":{"line":151,"column":null}}],"line":149},"14":{"loc":{"start":{"line":154,"column":54},"end":{"line":154,"column":119}},"type":"cond-expr","locations":[{"start":{"line":154,"column":65},"end":{"line":154,"column":80}},{"start":{"line":154,"column":80},"end":{"line":154,"column":119}}],"line":154}},"s":{"0":8,"1":8,"2":8,"3":8,"4":1,"5":1,"6":8,"7":4,"8":0,"9":30,"10":30,"11":30},"f":{"0":8,"1":1,"2":4,"3":0,"4":30},"b":{"0":[8],"1":[8,3],"2":[6,2],"3":[6,2],"4":[8,2],"5":[2,0],"6":[2,0],"7":[2,2],"8":[2,2],"9":[8,6],"10":[6,2],"11":[2,2],"12":[6,2],"13":[3,27],"14":[3,27]},"meta":{"lastBranch":15,"lastFunction":5,"lastStatement":12,"seen":{"f:20:16:20:24":0,"b:20:38:20:41":0,"s:21:68:21:Infinity":0,"s:22:10:22:Infinity":1,"s:24:20:24:Infinity":2,"s:26:26:29:Infinity":3,"f:26:26:26:32":1,"s:27:8:27:Infinity":4,"s:28:8:28:Infinity":5,"s:33:4:136:Infinity":6,"b:34:95:34:108:34:108:34:123":1,"b:39:110:39:128:39:128:39:141":2,"b:40:35:40:84:40:84:40:Infinity":3,"b:46:17:46:Infinity:47:20:86:Infinity":4,"b:53:41:53:73:53:73:53:Infinity":5,"b:56:41:56:65:56:65:56:Infinity":6,"f:66:47:66:48":2,"s:67:36:74:Infinity":7,"f:69:49:69:55":3,"s:69:55:69:Infinity":8,"b:70:168:70:186:70:186:70:202":7,"b:72:125:72:141:72:141:72:155":8,"b:89:17:89:Infinity:90:20:92:Infinity":9,"b:99:20:104:Infinity:106:20:112:Infinity":10,"b:109:25:109:Infinity:110:28:110:Infinity":11,"b:124:87:124:105:124:105:124:115":12,"f:141:9:141:17":4,"s:142:10:142:Infinity":9,"s:144:21:144:Infinity":10,"s:146:4:156:Infinity":11,"b:150:18:150:Infinity:151:18:151:Infinity":13,"b:154:65:154:80:154:80:154:119":14}}}
,"E:\\Projetos VSCODE\\licitadocs\\frontend\\src\\components\\ui\\Button.tsx": {"path":"E:\\Projetos VSCODE\\licitadocs\\frontend\\src\\components\\ui\\Button.tsx","statementMap":{"0":{"start":{"line":9,"column":4},"end":{"line":9,"column":null}},"1":{"start":{"line":18,"column":13},"end":{"line":52,"column":null}},"2":{"start":{"line":21,"column":25},"end":{"line":27,"column":null}},"3":{"start":{"line":29,"column":22},"end":{"line":33,"column":null}},"4":{"start":{"line":35,"column":8},"end":{"line":49,"column":null}},"5":{"start":{"line":54,"column":0},"end":{"line":54,"column":null}}},"fnMap":{"0":{"name":"cn","decl":{"start":{"line":8,"column":9},"end":{"line":8,"column":15}},"loc":{"start":{"line":8,"column":62},"end":{"line":10,"column":null}},"line":8},"1":{"name":"(anonymous_1)","decl":{"start":{"line":19,"column":4},"end":{"line":19,"column":5}},"loc":{"start":{"line":19,"column":103},"end":{"line":51,"column":null}},"line":19}},"branchMap":{"0":{"loc":{"start":{"line":19,"column":39},"end":{"line":19,"column":60}},"type":"default-arg","locations":[{"start":{"line":19,"column":49},"end":{"line":19,"column":60}}],"line":19},"1":{"loc":{"start":{"line":19,"column":60},"end":{"line":19,"column":73}},"type":"default-arg","locations":[{"start":{"line":19,"column":67},"end":{"line":19,"column":73}}],"line":19},"2":{"loc":{"start":{"line":44,"column":26},"end":{"line":44,"column":null}},"type":"binary-expr","locations":[{"start":{"line":44,"column":26},"end":{"line":44,"column":39}},{"start":{"line":44,"column":39},"end":{"line":44,"column":null}}],"line":44},"3":{"loc":{"start":{"line":47,"column":17},"end":{"line":47,"column":null}},"type":"binary-expr","locations":[{"start":{"line":47,"column":17},"end":{"line":47,"column":30}},{"start":{"line":47,"column":30},"end":{"line":47,"column":null}}],"line":47}},"s":{"0":563,"1":20,"2":563,"3":563,"4":563,"5":20},"f":{"0":563,"1":563},"b":{"0":[563],"1":[563],"2":[563,551],"3":[563,12]},"meta":{"lastBranch":4,"lastFunction":2,"lastStatement":6,"seen":{"f:8:9:8:15":0,"s:9:4:9:Infinity":0,"s:18:13:52:Infinity":1,"f:19:4:19:5":1,"b:19:49:19:60":0,"b:19:67:19:73":1,"s:21:25:27:Infinity":2,"s:29:22:33:Infinity":3,"s:35:8:49:Infinity":4,"b:44:26:44:39:44:39:44:Infinity":2,"b:47:17:47:30:47:30:47:Infinity":3,"s:54:0:54:Infinity":5}}}
,"E:\\Projetos VSCODE\\licitadocs\\frontend\\src\\components\\ui\\Input.tsx": {"path":"E:\\Projetos VSCODE\\licitadocs\\frontend\\src\\components\\ui\\Input.tsx","statementMap":{"0":{"start":{"line":7,"column":4},"end":{"line":7,"column":null}},"1":{"start":{"line":19,"column":13},"end":{"line":67,"column":null}},"2":{"start":{"line":21,"column":8},"end":{"line":64,"column":null}},"3":{"start":{"line":69,"column":0},"end":{"line":69,"column":null}}},"fnMap":{"0":{"name":"cn","decl":{"start":{"line":6,"column":9},"end":{"line":6,"column":15}},"loc":{"start":{"line":6,"column":62},"end":{"line":8,"column":null}},"line":6},"1":{"name":"(anonymous_1)","decl":{"start":{"line":20,"column":4},"end":{"line":20,"column":5}},"loc":{"start":{"line":20,"column":84},"end":{"line":66,"column":null}},"line":20}},"branchMap":{"0":{"loc":{"start":{"line":23,"column":17},"end":{"line":29,"column":null}},"type":"binary-expr","locations":[{"start":{"line":23,"column":17},"end":{"line":23,"column":null}},{"start":{"line":24,"column":20},"end":{"line":29,"column":null}}],"line":23},"1":{"loc":{"start":{"line":33,"column":21},"end":{"line":37,"column":null}},"type":"binary-expr","locations":[{"start":{"line":33,"column":21},"end":{"line":33,"column":null}},{"start":{"line":34,"column":24},"end":{"line":37,"column":null}}],"line":33},"2":{"loc":{"start":{"line":46,"column":28},"end":{"line":46,"column":null}},"type":"cond-expr","locations":[{"start":{"line":46,"column":35},"end":{"line":46,"column":45}},{"start":{"line":46,"column":45},"end":{"line":46,"column":null}}],"line":46},"3":{"loc":{"start":{"line":47,"column":28},"end":{"line":47,"column":null}},"type":"cond-expr","locations":[{"start":{"line":47,"column":36},"end":{"line":47,"column":98}},{"start":{"line":47,"column":98},"end":{"line":47,"column":null}}],"line":47},"4":{"loc":{"start":{"line":55,"column":17},"end":{"line":63,"column":null}},"type":"cond-expr","locations":[{"start":{"line":56,"column":20},"end":{"line":58,"column":null}},{"start":{"line":59,"column":20},"end":{"line":63,"column":null}}],"line":55},"5":{"loc":{"start":{"line":59,"column":20},"end":{"line":63,"column":null}},"type":"cond-expr","locations":[{"start":{"line":60,"column":20},"end":{"line":62,"column":null}},{"start":{"line":63,"column":20},"end":{"line":63,"column":null}}],"line":59}},"s":{"0":762,"1":12,"2":762,"3":12},"f":{"0":762,"1":762},"b":{"0":[762,743],"1":[762,456],"2":[456,306],"3":[87,675],"4":[87,675],"5":[13,662]},"meta":{"lastBranch":6,"lastFunction":2,"lastStatement":4,"seen":{"f:6:9:6:15":0,"s:7:4:7:Infinity":0,"s:19:13:67:Infinity":1,"f:20:4:20:5":1,"s:21:8:64:Infinity":2,"b:23:17:23:Infinity:24:20:29:Infinity":0,"b:33:21:33:Infinity:34:24:37:Infinity":1,"b:46:35:46:45:46:45:46:Infinity":2,"b:47:36:47:98:47:98:47:Infinity":3,"b:56:20:58:Infinity:59:20:63:Infinity":4,"b:60:20:62:Infinity:63:20:63:Infinity":5,"s:69:0:69:Infinity":3}}}
,"E:\\Projetos VSCODE\\licitadocs\\frontend\\src\\components\\ui\\Skeleton.tsx": {"path":"E:\\Projetos VSCODE\\licitadocs\\frontend\\src\\components\\ui\\Skeleton.tsx","statementMap":{"0":{"start":{"line":6,"column":4},"end":{"line":6,"column":null}},"1":{"start":{"line":10,"column":4},"end":{"line":14,"column":null}}},"fnMap":{"0":{"name":"cn","decl":{"start":{"line":5,"column":9},"end":{"line":5,"column":15}},"loc":{"start":{"line":5,"column":62},"end":{"line":7,"column":null}},"line":5},"1":{"name":"Skeleton","decl":{"start":{"line":9,"column":16},"end":{"line":9,"column":25}},"loc":{"start":{"line":9,"column":82},"end":{"line":16,"column":null}},"line":9}},"branchMap":{},"s":{"0":86,"1":86},"f":{"0":86,"1":86},"b":{},"meta":{"lastBranch":0,"lastFunction":2,"lastStatement":2,"seen":{"f:5:9:5:15":0,"s:6:4:6:Infinity":0,"f:9:16:9:25":1,"s:10:4:14:Infinity":1}}}
,"E:\\Projetos VSCODE\\licitadocs\\frontend\\src\\components\\ui\\StatsCard.tsx": {"path":"E:\\Projetos VSCODE\\licitadocs\\frontend\\src\\components\\ui\\StatsCard.tsx","statementMap":{"0":{"start":{"line":25,"column":19},"end":{"line":31,"column":null}},"1":{"start":{"line":33,"column":18},"end":{"line":33,"column":null}},"2":{"start":{"line":35,"column":4},"end":{"line":48,"column":null}},"3":{"start":{"line":36,"column":8},"end":{"line":46,"column":null}},"4":{"start":{"line":50,"column":4},"end":{"line":69,"column":null}}},"fnMap":{"0":{"name":"StatsCard","decl":{"start":{"line":14,"column":16},"end":{"line":14,"column":26}},"loc":{"start":{"line":22,"column":19},"end":{"line":71,"column":null}},"line":22}},"branchMap":{"0":{"loc":{"start":{"line":20,"column":4},"end":{"line":20,"column":null}},"type":"default-arg","locations":[{"start":{"line":20,"column":12},"end":{"line":20,"column":null}}],"line":20},"1":{"loc":{"start":{"line":21,"column":4},"end":{"line":21,"column":null}},"type":"default-arg","locations":[{"start":{"line":21,"column":14},"end":{"line":21,"column":null}}],"line":21},"2":{"loc":{"start":{"line":33,"column":18},"end":{"line":33,"column":null}},"type":"binary-expr","locations":[{"start":{"line":33,"column":18},"end":{"line":33,"column":35}},{"start":{"line":33,"column":35},"end":{"line":33,"column":null}}],"line":33},"3":{"loc":{"start":{"line":35,"column":4},"end":{"line":48,"column":null}},"type":"if","locations":[{"start":{"line":35,"column":4},"end":{"line":48,"column":null}},{"start":{},"end":{}}],"line":35},"4":{"loc":{"start":{"line":62,"column":13},"end":{"line":67,"column":null}},"type":"binary-expr","locations":[{"start":{"line":62,"column":13},"end":{"line":62,"column":null}},{"start":{"line":63,"column":16},"end":{"line":67,"column":null}}],"line":62},"5":{"loc":{"start":{"line":64,"column":21},"end":{"line":64,"column":null}},"type":"binary-expr","locations":[{"start":{"line":64,"column":21},"end":{"line":64,"column":39}},{"start":{"line":64,"column":39},"end":{"line":64,"column":null}}],"line":64},"6":{"loc":{"start":{"line":65,"column":21},"end":{"line":65,"column":null}},"type":"binary-expr","locations":[{"start":{"line":65,"column":21},"end":{"line":65,"column":41}},{"start":{"line":65,"column":41},"end":{"line":65,"column":null}}],"line":65}},"s":{"0":66,"1":66,"2":66,"3":0,"4":66},"f":{"0":66},"b":{"0":[66],"1":[66],"2":[66,0],"3":[0,66],"4":[66,64],"5":[64,0],"6":[64,0]},"meta":{"lastBranch":7,"lastFunction":1,"lastStatement":5,"seen":{"f:14:16:14:26":0,"b:20:12:20:Infinity":0,"b:21:14:21:Infinity":1,"s:25:19:31:Infinity":0,"s:33:18:33:Infinity":1,"b:33:18:33:35:33:35:33:Infinity":2,"b:35:4:48:Infinity:undefined:undefined:undefined:undefined":3,"s:35:4:48:Infinity":2,"s:36:8:46:Infinity":3,"s:50:4:69:Infinity":4,"b:62:13:62:Infinity:63:16:67:Infinity":4,"b:64:21:64:39:64:39:64:Infinity":5,"b:65:21:65:41:65:41:65:Infinity":6}}}
,"E:\\Projetos VSCODE\\licitadocs\\frontend\\src\\contexts\\AuthContext.tsx": {"path":"E:\\Projetos VSCODE\\licitadocs\\frontend\\src\\contexts\\AuthContext.tsx","statementMap":{"0":{"start":{"line":32,"column":6},"end":{"line":32,"column":null}},"1":{"start":{"line":35,"column":24},"end":{"line":35,"column":null}},"2":{"start":{"line":36,"column":34},"end":{"line":36,"column":null}},"3":{"start":{"line":37,"column":44},"end":{"line":37,"column":null}},"4":{"start":{"line":38,"column":30},"end":{"line":38,"column":null}},"5":{"start":{"line":44,"column":10},"end":{"line":65,"column":null}},"6":{"start":{"line":45,"column":8},"end":{"line":64,"column":null}},"7":{"start":{"line":46,"column":32},"end":{"line":46,"column":null}},"8":{"start":{"line":47,"column":12},"end":{"line":47,"column":null}},"9":{"start":{"line":50,"column":12},"end":{"line":60,"column":null}},"10":{"start":{"line":52,"column":38},"end":{"line":52,"column":null}},"11":{"start":{"line":53,"column":31},"end":{"line":53,"column":null}},"12":{"start":{"line":53,"column":53},"end":{"line":53,"column":75}},"13":{"start":{"line":56,"column":16},"end":{"line":56,"column":null}},"14":{"start":{"line":56,"column":43},"end":{"line":56,"column":82}},"15":{"start":{"line":59,"column":16},"end":{"line":59,"column":null}},"16":{"start":{"line":62,"column":12},"end":{"line":62,"column":null}},"17":{"start":{"line":70,"column":4},"end":{"line":94,"column":null}},"18":{"start":{"line":71,"column":28},"end":{"line":71,"column":null}},"19":{"start":{"line":73,"column":8},"end":{"line":91,"column":null}},"20":{"start":{"line":74,"column":12},"end":{"line":90,"column":null}},"21":{"start":{"line":75,"column":22},"end":{"line":75,"column":null}},"22":{"start":{"line":76,"column":36},"end":{"line":76,"column":null}},"23":{"start":{"line":79,"column":16},"end":{"line":86,"column":null}},"24":{"start":{"line":80,"column":20},"end":{"line":80,"column":null}},"25":{"start":{"line":82,"column":20},"end":{"line":82,"column":null}},"26":{"start":{"line":85,"column":20},"end":{"line":85,"column":null}},"27":{"start":{"line":89,"column":16},"end":{"line":89,"column":null}},"28":{"start":{"line":93,"column":8},"end":{"line":93,"column":null}},"29":{"start":{"line":101,"column":25},"end":{"line":101,"column":null}},"30":{"start":{"line":102,"column":33},"end":{"line":102,"column":null}},"31":{"start":{"line":105,"column":8},"end":{"line":105,"column":null}},"32":{"start":{"line":108,"column":14},"end":{"line":108,"column":null}},"33":{"start":{"line":109,"column":8},"end":{"line":109,"column":null}},"34":{"start":{"line":112,"column":8},"end":{"line":112,"column":null}},"35":{"start":{"line":119,"column":8},"end":{"line":119,"column":null}},"36":{"start":{"line":120,"column":8},"end":{"line":120,"column":null}},"37":{"start":{"line":121,"column":8},"end":{"line":121,"column":null}},"38":{"start":{"line":122,"column":8},"end":{"line":122,"column":null}},"39":{"start":{"line":123,"column":8},"end":{"line":123,"column":null}},"40":{"start":{"line":130,"column":23},"end":{"line":130,"column":null}},"41":{"start":{"line":130,"column":43},"end":{"line":130,"column":61}},"42":{"start":{"line":131,"column":8},"end":{"line":136,"column":null}},"43":{"start":{"line":132,"column":12},"end":{"line":132,"column":null}},"44":{"start":{"line":133,"column":12},"end":{"line":133,"column":null}},"45":{"start":{"line":139,"column":4},"end":{"line":151,"column":null}},"46":{"start":{"line":156,"column":4},"end":{"line":156,"column":null}}},"fnMap":{"0":{"name":"AuthProvider","decl":{"start":{"line":34,"column":16},"end":{"line":34,"column":29}},"loc":{"start":{"line":34,"column":68},"end":{"line":153,"column":null}},"line":34},"1":{"name":"(anonymous_1)","decl":{"start":{"line":44,"column":40},"end":{"line":44,"column":52}},"loc":{"start":{"line":44,"column":52},"end":{"line":65,"column":7}},"line":44},"2":{"name":"(anonymous_2)","decl":{"start":{"line":53,"column":48},"end":{"line":53,"column":53}},"loc":{"start":{"line":53,"column":53},"end":{"line":53,"column":75}},"line":53},"3":{"name":"(anonymous_3)","decl":{"start":{"line":56,"column":34},"end":{"line":56,"column":43}},"loc":{"start":{"line":56,"column":43},"end":{"line":56,"column":82}},"line":56},"4":{"name":"(anonymous_4)","decl":{"start":{"line":70,"column":14},"end":{"line":70,"column":20}},"loc":{"start":{"line":70,"column":20},"end":{"line":94,"column":7}},"line":70},"5":{"name":"signIn","decl":{"start":{"line":99,"column":19},"end":{"line":99,"column":26}},"loc":{"start":{"line":99,"column":58},"end":{"line":113,"column":null}},"line":99},"6":{"name":"signOut","decl":{"start":{"line":118,"column":13},"end":{"line":118,"column":23}},"loc":{"start":{"line":118,"column":23},"end":{"line":124,"column":null}},"line":118},"7":{"name":"switchCompany","decl":{"start":{"line":129,"column":13},"end":{"line":129,"column":27}},"loc":{"start":{"line":129,"column":46},"end":{"line":137,"column":null}},"line":129},"8":{"name":"(anonymous_8)","decl":{"start":{"line":130,"column":38},"end":{"line":130,"column":43}},"loc":{"start":{"line":130,"column":43},"end":{"line":130,"column":61}},"line":130},"9":{"name":"useAuth","decl":{"start":{"line":155,"column":16},"end":{"line":155,"column":26}},"loc":{"start":{"line":155,"column":26},"end":{"line":157,"column":null}},"line":155}},"branchMap":{"0":{"loc":{"start":{"line":50,"column":12},"end":{"line":60,"column":null}},"type":"if","locations":[{"start":{"line":50,"column":12},"end":{"line":60,"column":null}},{"start":{},"end":{}}],"line":50},"1":{"loc":{"start":{"line":53,"column":31},"end":{"line":53,"column":null}},"type":"binary-expr","locations":[{"start":{"line":53,"column":31},"end":{"line":53,"column":80}},{"start":{"line":53,"column":80},"end":{"line":53,"column":null}}],"line":53},"2":{"loc":{"start":{"line":56,"column":43},"end":{"line":56,"column":82}},"type":"cond-expr","locations":[{"start":{"line":56,"column":68},"end":{"line":56,"column":75}},{"start":{"line":56,"column":75},"end":{"line":56,"column":82}}],"line":56},"3":{"loc":{"start":{"line":73,"column":8},"end":{"line":91,"column":null}},"type":"if","locations":[{"start":{"line":73,"column":8},"end":{"line":91,"column":null}},{"start":{},"end":{}}],"line":73},"4":{"loc":{"start":{"line":79,"column":16},"end":{"line":86,"column":null}},"type":"if","locations":[{"start":{"line":79,"column":16},"end":{"line":86,"column":null}},{"start":{"line":81,"column":23},"end":{"line":86,"column":null}}],"line":79},"5":{"loc":{"start":{"line":79,"column":20},"end":{"line":79,"column":62}},"type":"binary-expr","locations":[{"start":{"line":79,"column":20},"end":{"line":79,"column":35}},{"start":{"line":79,"column":35},"end":{"line":79,"column":62}}],"line":79},"6":{"loc":{"start":{"line":131,"column":8},"end":{"line":136,"column":null}},"type":"if","locations":[{"start":{"line":131,"column":8},"end":{"line":136,"column":null}},{"start":{},"end":{}}],"line":131}},"s":{"0":1,"1":17,"2":17,"3":17,"4":17,"5":17,"6":3,"7":3,"8":3,"9":3,"10":3,"11":3,"12":4,"13":3,"14":3,"15":3,"16":0,"17":17,"18":6,"19":6,"20":4,"21":4,"22":4,"23":4,"24":1,"25":2,"26":2,"27":1,"28":6,"29":1,"30":1,"31":1,"32":1,"33":1,"34":1,"35":3,"36":3,"37":3,"38":3,"39":3,"40":1,"41":2,"42":1,"43":1,"44":1,"45":17,"46":17},"f":{"0":17,"1":3,"2":4,"3":3,"4":6,"5":1,"6":3,"7":1,"8":2,"9":17},"b":{"0":[3,0],"1":[3,3],"2":[0,3],"3":[4,2],"4":[1,2],"5":[4,3],"6":[1,0]},"meta":{"lastBranch":7,"lastFunction":10,"lastStatement":47,"seen":{"s:32:6:32:Infinity":0,"f:34:16:34:29":0,"s:35:24:35:Infinity":1,"s:36:34:36:Infinity":2,"s:37:44:37:Infinity":3,"s:38:30:38:Infinity":4,"s:44:10:65:Infinity":5,"f:44:40:44:52":1,"s:45:8:64:Infinity":6,"s:46:32:46:Infinity":7,"s:47:12:47:Infinity":8,"b:50:12:60:Infinity:undefined:undefined:undefined:undefined":0,"s:50:12:60:Infinity":9,"s:52:38:52:Infinity":10,"s:53:31:53:Infinity":11,"b:53:31:53:80:53:80:53:Infinity":1,"f:53:48:53:53":2,"s:53:53:53:75":12,"s:56:16:56:Infinity":13,"f:56:34:56:43":3,"s:56:43:56:82":14,"b:56:68:56:75:56:75:56:82":2,"s:59:16:59:Infinity":15,"s:62:12:62:Infinity":16,"s:70:4:94:Infinity":17,"f:70:14:70:20":4,"s:71:28:71:Infinity":18,"b:73:8:91:Infinity:undefined:undefined:undefined:undefined":3,"s:73:8:91:Infinity":19,"s:74:12:90:Infinity":20,"s:75:22:75:Infinity":21,"s:76:36:76:Infinity":22,"b:79:16:86:Infinity:81:23:86:Infinity":4,"s:79:16:86:Infinity":23,"b:79:20:79:35:79:35:79:62":5,"s:80:20:80:Infinity":24,"s:82:20:82:Infinity":25,"s:85:20:85:Infinity":26,"s:89:16:89:Infinity":27,"s:93:8:93:Infinity":28,"f:99:19:99:26":5,"s:101:25:101:Infinity":29,"s:102:33:102:Infinity":30,"s:105:8:105:Infinity":31,"s:108:14:108:Infinity":32,"s:109:8:109:Infinity":33,"s:112:8:112:Infinity":34,"f:118:13:118:23":6,"s:119:8:119:Infinity":35,"s:120:8:120:Infinity":36,"s:121:8:121:Infinity":37,"s:122:8:122:Infinity":38,"s:123:8:123:Infinity":39,"f:129:13:129:27":7,"s:130:23:130:Infinity":40,"f:130:38:130:43":8,"s:130:43:130:61":41,"b:131:8:136:Infinity:undefined:undefined:undefined:undefined":6,"s:131:8:136:Infinity":42,"s:132:12:132:Infinity":43,"s:133:12:133:Infinity":44,"s:139:4:151:Infinity":45,"f:155:16:155:26":9,"s:156:4:156:Infinity":46}}}
,"E:\\Projetos VSCODE\\licitadocs\\frontend\\src\\pages\\About\\index.tsx": {"path":"E:\\Projetos VSCODE\\licitadocs\\frontend\\src\\pages\\About\\index.tsx","statementMap":{"0":{"start":{"line":18,"column":10},"end":{"line":18,"column":null}},"1":{"start":{"line":20,"column":4},"end":{"line":167,"column":null}},"2":{"start":{"line":27,"column":39},"end":{"line":27,"column":null}},"3":{"start":{"line":43,"column":69},"end":{"line":43,"column":89}},"4":{"start":{"line":147,"column":61},"end":{"line":147,"column":84}},"5":{"start":{"line":150,"column":67},"end":{"line":150,"column":94}},"6":{"start":{"line":173,"column":4},"end":{"line":182,"column":null}}},"fnMap":{"0":{"name":"AboutPage","decl":{"start":{"line":17,"column":16},"end":{"line":17,"column":28}},"loc":{"start":{"line":17,"column":28},"end":{"line":169,"column":null}},"line":17},"1":{"name":"(anonymous_1)","decl":{"start":{"line":27,"column":33},"end":{"line":27,"column":39}},"loc":{"start":{"line":27,"column":39},"end":{"line":27,"column":null}},"line":27},"2":{"name":"(anonymous_2)","decl":{"start":{"line":43,"column":63},"end":{"line":43,"column":69}},"loc":{"start":{"line":43,"column":69},"end":{"line":43,"column":89}},"line":43},"3":{"name":"(anonymous_3)","decl":{"start":{"line":147,"column":55},"end":{"line":147,"column":61}},"loc":{"start":{"line":147,"column":61},"end":{"line":147,"column":84}},"line":147},"4":{"name":"(anonymous_4)","decl":{"start":{"line":150,"column":61},"end":{"line":150,"column":67}},"loc":{"start":{"line":150,"column":67},"end":{"line":150,"column":94}},"line":150},"5":{"name":"ValueCard","decl":{"start":{"line":172,"column":9},"end":{"line":172,"column":19}},"loc":{"start":{"line":172,"column":112},"end":{"line":184,"column":null}},"line":172}},"branchMap":{},"s":{"0":4,"1":4,"2":1,"3":1,"4":1,"5":1,"6":12},"f":{"0":4,"1":1,"2":1,"3":1,"4":1,"5":12},"b":{},"meta":{"lastBranch":0,"lastFunction":6,"lastStatement":7,"seen":{"f:17:16:17:28":0,"s:18:10:18:Infinity":0,"s:20:4:167:Infinity":1,"f:27:33:27:39":1,"s:27:39:27:Infinity":2,"f:43:63:43:69":2,"s:43:69:43:89":3,"f:147:55:147:61":3,"s:147:61:147:84":4,"f:150:61:150:67":4,"s:150:67:150:94":5,"f:172:9:172:19":5,"s:173:4:182:Infinity":6}}}
,"E:\\Projetos VSCODE\\licitadocs\\frontend\\src\\pages\\Admin\\Companies\\CreateCompanyModal.tsx": {"path":"E:\\Projetos VSCODE\\licitadocs\\frontend\\src\\pages\\Admin\\Companies\\CreateCompanyModal.tsx","statementMap":{"0":{"start":{"line":14,"column":22},"end":{"line":17,"column":null}},"1":{"start":{"line":35,"column":4},"end":{"line":37,"column":null}},"2":{"start":{"line":40,"column":4},"end":{"line":49,"column":null}},"3":{"start":{"line":41,"column":8},"end":{"line":48,"column":null}},"4":{"start":{"line":42,"column":12},"end":{"line":47,"column":null}},"5":{"start":{"line":43,"column":16},"end":{"line":43,"column":null}},"6":{"start":{"line":44,"column":16},"end":{"line":44,"column":null}},"7":{"start":{"line":46,"column":16},"end":{"line":46,"column":null}},"8":{"start":{"line":52,"column":8},"end":{"line":73,"column":null}},"9":{"start":{"line":53,"column":12},"end":{"line":66,"column":null}},"10":{"start":{"line":55,"column":16},"end":{"line":57,"column":null}},"11":{"start":{"line":58,"column":16},"end":{"line":58,"column":null}},"12":{"start":{"line":61,"column":16},"end":{"line":64,"column":null}},"13":{"start":{"line":65,"column":16},"end":{"line":65,"column":null}},"14":{"start":{"line":67,"column":12},"end":{"line":67,"column":null}},"15":{"start":{"line":68,"column":12},"end":{"line":68,"column":null}},"16":{"start":{"line":70,"column":12},"end":{"line":70,"column":null}},"17":{"start":{"line":71,"column":24},"end":{"line":71,"column":null}},"18":{"start":{"line":72,"column":12},"end":{"line":72,"column":null}},"19":{"start":{"line":76,"column":4},"end":{"line":76,"column":null}},"20":{"start":{"line":76,"column":17},"end":{"line":76,"column":null}},"21":{"start":{"line":78,"column":4},"end":{"line":140,"column":null}}},"fnMap":{"0":{"name":"CreateCompanyModal","decl":{"start":{"line":28,"column":16},"end":{"line":28,"column":35}},"loc":{"start":{"line":28,"column":89},"end":{"line":142,"column":null}},"line":28},"1":{"name":"(anonymous_1)","decl":{"start":{"line":40,"column":14},"end":{"line":40,"column":20}},"loc":{"start":{"line":40,"column":20},"end":{"line":49,"column":7}},"line":40},"2":{"name":"handleSave","decl":{"start":{"line":51,"column":19},"end":{"line":51,"column":30}},"loc":{"start":{"line":51,"column":51},"end":{"line":74,"column":null}},"line":51}},"branchMap":{"0":{"loc":{"start":{"line":41,"column":8},"end":{"line":48,"column":null}},"type":"if","locations":[{"start":{"line":41,"column":8},"end":{"line":48,"column":null}},{"start":{},"end":{}}],"line":41},"1":{"loc":{"start":{"line":42,"column":12},"end":{"line":47,"column":null}},"type":"if","locations":[{"start":{"line":42,"column":12},"end":{"line":47,"column":null}},{"start":{"line":45,"column":19},"end":{"line":47,"column":null}}],"line":42},"2":{"loc":{"start":{"line":53,"column":12},"end":{"line":66,"column":null}},"type":"if","locations":[{"start":{"line":53,"column":12},"end":{"line":66,"column":null}},{"start":{"line":59,"column":19},"end":{"line":66,"column":null}}],"line":53},"3":{"loc":{"start":{"line":71,"column":24},"end":{"line":71,"column":null}},"type":"binary-expr","locations":[{"start":{"line":71,"column":24},"end":{"line":71,"column":56}},{"start":{"line":71,"column":56},"end":{"line":71,"column":null}}],"line":71},"4":{"loc":{"start":{"line":76,"column":4},"end":{"line":76,"column":null}},"type":"if","locations":[{"start":{"line":76,"column":4},"end":{"line":76,"column":null}},{"start":{},"end":{}}],"line":76},"5":{"loc":{"start":{"line":92,"column":25},"end":{"line":92,"column":null}},"type":"cond-expr","locations":[{"start":{"line":92,"column":41},"end":{"line":92,"column":60}},{"start":{"line":92,"column":60},"end":{"line":92,"column":null}}],"line":92},"6":{"loc":{"start":{"line":95,"column":25},"end":{"line":95,"column":null}},"type":"cond-expr","locations":[{"start":{"line":95,"column":41},"end":{"line":95,"column":75}},{"start":{"line":95,"column":75},"end":{"line":95,"column":null}}],"line":95},"7":{"loc":{"start":{"line":118,"column":36},"end":{"line":118,"column":null}},"type":"cond-expr","locations":[{"start":{"line":118,"column":52},"end":{"line":118,"column":86}},{"start":{"line":118,"column":86},"end":{"line":118,"column":null}}],"line":118},"8":{"loc":{"start":{"line":133,"column":39},"end":{"line":133,"column":null}},"type":"cond-expr","locations":[{"start":{"line":133,"column":55},"end":{"line":133,"column":89}},{"start":{"line":133,"column":89},"end":{"line":133,"column":null}}],"line":133},"9":{"loc":{"start":{"line":135,"column":29},"end":{"line":135,"column":null}},"type":"cond-expr","locations":[{"start":{"line":135,"column":45},"end":{"line":135,"column":67}},{"start":{"line":135,"column":67},"end":{"line":135,"column":null}}],"line":135}},"s":{"0":2,"1":14,"2":14,"3":4,"4":3,"5":1,"6":1,"7":2,"8":3,"9":3,"10":1,"11":1,"12":2,"13":1,"14":2,"15":2,"16":1,"17":1,"18":1,"19":14,"20":2,"21":12},"f":{"0":14,"1":4,"2":3},"b":{"0":[3,1],"1":[1,2],"2":[1,2],"3":[1,1],"4":[2,12],"5":[4,8],"6":[4,8],"7":[4,8],"8":[4,8],"9":[4,8]},"meta":{"lastBranch":10,"lastFunction":3,"lastStatement":22,"seen":{"s:14:22:17:Infinity":0,"f:28:16:28:35":0,"s:35:4:37:Infinity":1,"s:40:4:49:Infinity":2,"f:40:14:40:20":1,"b:41:8:48:Infinity:undefined:undefined:undefined:undefined":0,"s:41:8:48:Infinity":3,"b:42:12:47:Infinity:45:19:47:Infinity":1,"s:42:12:47:Infinity":4,"s:43:16:43:Infinity":5,"s:44:16:44:Infinity":6,"s:46:16:46:Infinity":7,"f:51:19:51:30":2,"s:52:8:73:Infinity":8,"b:53:12:66:Infinity:59:19:66:Infinity":2,"s:53:12:66:Infinity":9,"s:55:16:57:Infinity":10,"s:58:16:58:Infinity":11,"s:61:16:64:Infinity":12,"s:65:16:65:Infinity":13,"s:67:12:67:Infinity":14,"s:68:12:68:Infinity":15,"s:70:12:70:Infinity":16,"s:71:24:71:Infinity":17,"b:71:24:71:56:71:56:71:Infinity":3,"s:72:12:72:Infinity":18,"b:76:4:76:Infinity:undefined:undefined:undefined:undefined":4,"s:76:4:76:Infinity":19,"s:76:17:76:Infinity":20,"s:78:4:140:Infinity":21,"b:92:41:92:60:92:60:92:Infinity":5,"b:95:41:95:75:95:75:95:Infinity":6,"b:118:52:118:86:118:86:118:Infinity":7,"b:133:55:133:89:133:89:133:Infinity":8,"b:135:45:135:67:135:67:135:Infinity":9}}}
,"E:\\Projetos VSCODE\\licitadocs\\frontend\\src\\pages\\Admin\\Companies\\index.tsx": {"path":"E:\\Projetos VSCODE\\licitadocs\\frontend\\src\\pages\\Admin\\Companies\\index.tsx","statementMap":{"0":{"start":{"line":19,"column":10},"end":{"line":19,"column":null}},"1":{"start":{"line":20,"column":34},"end":{"line":20,"column":null}},"2":{"start":{"line":21,"column":30},"end":{"line":21,"column":null}},"3":{"start":{"line":22,"column":36},"end":{"line":22,"column":null}},"4":{"start":{"line":23,"column":28},"end":{"line":23,"column":null}},"5":{"start":{"line":25,"column":4},"end":{"line":27,"column":null}},"6":{"start":{"line":26,"column":8},"end":{"line":26,"column":null}},"7":{"start":{"line":30,"column":8},"end":{"line":30,"column":null}},"8":{"start":{"line":31,"column":8},"end":{"line":40,"column":null}},"9":{"start":{"line":33,"column":25},"end":{"line":33,"column":null}},"10":{"start":{"line":34,"column":12},"end":{"line":34,"column":null}},"11":{"start":{"line":36,"column":12},"end":{"line":36,"column":null}},"12":{"start":{"line":37,"column":12},"end":{"line":37,"column":null}},"13":{"start":{"line":39,"column":12},"end":{"line":39,"column":null}},"14":{"start":{"line":44,"column":30},"end":{"line":56,"column":null}},"15":{"start":{"line":45,"column":14},"end":{"line":47,"column":null}},"16":{"start":{"line":49,"column":26},"end":{"line":49,"column":null}},"17":{"start":{"line":51,"column":28},"end":{"line":51,"column":null}},"18":{"start":{"line":52,"column":8},"end":{"line":52,"column":null}},"19":{"start":{"line":52,"column":34},"end":{"line":52,"column":null}},"20":{"start":{"line":53,"column":8},"end":{"line":53,"column":null}},"21":{"start":{"line":53,"column":34},"end":{"line":53,"column":null}},"22":{"start":{"line":55,"column":8},"end":{"line":55,"column":null}},"23":{"start":{"line":59,"column":30},"end":{"line":82,"column":null}},"24":{"start":{"line":61,"column":8},"end":{"line":67,"column":null}},"25":{"start":{"line":62,"column":12},"end":{"line":65,"column":null}},"26":{"start":{"line":69,"column":8},"end":{"line":75,"column":null}},"27":{"start":{"line":70,"column":12},"end":{"line":73,"column":null}},"28":{"start":{"line":77,"column":8},"end":{"line":80,"column":null}},"29":{"start":{"line":84,"column":4},"end":{"line":185,"column":null}},"30":{"start":{"line":94,"column":39},"end":{"line":94,"column":null}},"31":{"start":{"line":108,"column":39},"end":{"line":108,"column":null}},"32":{"start":{"line":112,"column":75},"end":{"line":112,"column":93}},"33":{"start":{"line":113,"column":79},"end":{"line":113,"column":101}},"34":{"start":{"line":114,"column":79},"end":{"line":114,"column":101}},"35":{"start":{"line":122,"column":50},"end":{"line":122,"column":94}},"36":{"start":{"line":143,"column":36},"end":{"line":178,"column":null}},"37":{"start":{"line":172,"column":63},"end":{"line":172,"column":null}},"38":{"start":{"line":191,"column":4},"end":{"line":200,"column":null}},"39":{"start":{"line":205,"column":4},"end":{"line":209,"column":null}}},"fnMap":{"0":{"name":"AdminCompaniesPage","decl":{"start":{"line":18,"column":16},"end":{"line":18,"column":37}},"loc":{"start":{"line":18,"column":37},"end":{"line":187,"column":null}},"line":18},"1":{"name":"(anonymous_1)","decl":{"start":{"line":25,"column":14},"end":{"line":25,"column":20}},"loc":{"start":{"line":25,"column":20},"end":{"line":27,"column":7}},"line":25},"2":{"name":"loadCompanies","decl":{"start":{"line":29,"column":19},"end":{"line":29,"column":35}},"loc":{"start":{"line":29,"column":35},"end":{"line":41,"column":null}},"line":29},"3":{"name":"(anonymous_3)","decl":{"start":{"line":44,"column":47},"end":{"line":44,"column":58}},"loc":{"start":{"line":44,"column":58},"end":{"line":56,"column":5}},"line":44},"4":{"name":"(anonymous_4)","decl":{"start":{"line":59,"column":30},"end":{"line":59,"column":31}},"loc":{"start":{"line":59,"column":48},"end":{"line":82,"column":null}},"line":59},"5":{"name":"(anonymous_5)","decl":{"start":{"line":94,"column":33},"end":{"line":94,"column":39}},"loc":{"start":{"line":94,"column":39},"end":{"line":94,"column":null}},"line":94},"6":{"name":"(anonymous_6)","decl":{"start":{"line":108,"column":34},"end":{"line":108,"column":39}},"loc":{"start":{"line":108,"column":39},"end":{"line":108,"column":null}},"line":108},"7":{"name":"(anonymous_7)","decl":{"start":{"line":112,"column":69},"end":{"line":112,"column":75}},"loc":{"start":{"line":112,"column":75},"end":{"line":112,"column":93}},"line":112},"8":{"name":"(anonymous_8)","decl":{"start":{"line":113,"column":73},"end":{"line":113,"column":79}},"loc":{"start":{"line":113,"column":79},"end":{"line":113,"column":101}},"line":113},"9":{"name":"(anonymous_9)","decl":{"start":{"line":114,"column":73},"end":{"line":114,"column":79}},"loc":{"start":{"line":114,"column":79},"end":{"line":114,"column":101}},"line":114},"10":{"name":"(anonymous_10)","decl":{"start":{"line":122,"column":45},"end":{"line":122,"column":50}},"loc":{"start":{"line":122,"column":50},"end":{"line":122,"column":94}},"line":122},"11":{"name":"(anonymous_11)","decl":{"start":{"line":142,"column":55},"end":{"line":142,"column":56}},"loc":{"start":{"line":143,"column":36},"end":{"line":178,"column":null}},"line":143},"12":{"name":"(anonymous_12)","decl":{"start":{"line":172,"column":57},"end":{"line":172,"column":63}},"loc":{"start":{"line":172,"column":63},"end":{"line":172,"column":null}},"line":172},"13":{"name":"FilterButton","decl":{"start":{"line":190,"column":9},"end":{"line":190,"column":22}},"loc":{"start":{"line":190,"column":55},"end":{"line":202,"column":null}},"line":190},"14":{"name":"StepDot","decl":{"start":{"line":204,"column":9},"end":{"line":204,"column":17}},"loc":{"start":{"line":204,"column":68},"end":{"line":211,"column":null}},"line":204}},"branchMap":{"0":{"loc":{"start":{"line":45,"column":14},"end":{"line":47,"column":null}},"type":"binary-expr","locations":[{"start":{"line":45,"column":14},"end":{"line":46,"column":null}},{"start":{"line":46,"column":104},"end":{"line":47,"column":null}}],"line":45},"1":{"loc":{"start":{"line":46,"column":13},"end":{"line":46,"column":57}},"type":"binary-expr","locations":[{"start":{"line":46,"column":13},"end":{"line":46,"column":37}},{"start":{"line":46,"column":37},"end":{"line":46,"column":53}},{"start":{"line":46,"column":53},"end":{"line":46,"column":57}}],"line":46},"2":{"loc":{"start":{"line":47,"column":13},"end":{"line":47,"column":33}},"type":"binary-expr","locations":[{"start":{"line":47,"column":13},"end":{"line":47,"column":29}},{"start":{"line":47,"column":29},"end":{"line":47,"column":33}}],"line":47},"3":{"loc":{"start":{"line":49,"column":26},"end":{"line":49,"column":null}},"type":"binary-expr","locations":[{"start":{"line":49,"column":26},"end":{"line":49,"column":56}},{"start":{"line":49,"column":56},"end":{"line":49,"column":85}},{"start":{"line":49,"column":85},"end":{"line":49,"column":null}}],"line":49},"4":{"loc":{"start":{"line":52,"column":8},"end":{"line":52,"column":null}},"type":"if","locations":[{"start":{"line":52,"column":8},"end":{"line":52,"column":null}},{"start":{},"end":{}}],"line":52},"5":{"loc":{"start":{"line":53,"column":8},"end":{"line":53,"column":null}},"type":"if","locations":[{"start":{"line":53,"column":8},"end":{"line":53,"column":null}},{"start":{},"end":{}}],"line":53},"6":{"loc":{"start":{"line":55,"column":15},"end":{"line":55,"column":null}},"type":"binary-expr","locations":[{"start":{"line":55,"column":15},"end":{"line":55,"column":32}},{"start":{"line":55,"column":32},"end":{"line":55,"column":null}}],"line":55},"7":{"loc":{"start":{"line":61,"column":8},"end":{"line":67,"column":null}},"type":"if","locations":[{"start":{"line":61,"column":8},"end":{"line":67,"column":null}},{"start":{},"end":{}}],"line":61},"8":{"loc":{"start":{"line":69,"column":8},"end":{"line":75,"column":null}},"type":"if","locations":[{"start":{"line":69,"column":8},"end":{"line":75,"column":null}},{"start":{},"end":{}}],"line":69},"9":{"loc":{"start":{"line":120,"column":17},"end":{"line":182,"column":null}},"type":"cond-expr","locations":[{"start":{"line":121,"column":20},"end":{"line":123,"column":null}},{"start":{"line":124,"column":20},"end":{"line":182,"column":null}}],"line":120},"10":{"loc":{"start":{"line":124,"column":20},"end":{"line":182,"column":null}},"type":"cond-expr","locations":[{"start":{"line":125,"column":20},"end":{"line":128,"column":null}},{"start":{"line":130,"column":20},"end":{"line":182,"column":null}}],"line":124},"11":{"loc":{"start":{"line":147,"column":54},"end":{"line":147,"column":99}},"type":"binary-expr","locations":[{"start":{"line":147,"column":54},"end":{"line":147,"column"
[...]
,"E:\\Projetos VSCODE\\licitadocs\\frontend\\src\\services\\api.ts": {"path":"E:\\Projetos VSCODE\\licitadocs\\frontend\\src\\services\\api.ts","statementMap":{"0":{"start":{"line":4,"column":16},"end":{"line":4,"column":null}},"1":{"start":{"line":6,"column":12},"end":{"line":9,"column":null}},"2":{"start":{"line":11,"column":0},"end":{"line":17,"column":null}},"3":{"start":{"line":12,"column":18},"end":{"line":12,"column":null}},"4":{"start":{"line":13,"column":4},"end":{"line":15,"column":null}},"5":{"start":{"line":14,"column":8},"end":{"line":14,"column":null}},"6":{"start":{"line":16,"column":4},"end":{"line":16,"column":null}},"7":{"start":{"line":19,"column":0},"end":{"line":55,"column":null}},"8":{"start":{"line":20,"column":18},"end":{"line":20,"column":null}},"9":{"start":{"line":22,"column":8},"end":{"line":51,"column":null}},"10":{"start":{"line":23,"column":12},"end":{"line":25,"column":null}},"11":{"start":{"line":26,"column":8},"end":{"line":51,"column":null}},"12":{"start":{"line":29,"column":12},"end":{"line":29,"column":null}},"13":{"start":{"line":30,"column":12},"end":{"line":30,"column":null}},"14":{"start":{"line":32,"column":12},"end":{"line":34,"column":null}},"15":{"start":{"line":37,"column":12},"end":{"line":39,"column":null}},"16":{"start":{"line":38,"column":16},"end":{"line":38,"column":null}},"17":{"start":{"line":40,"column":8},"end":{"line":51,"column":null}},"18":{"start":{"line":43,"column":12},"end":{"line":45,"column":null}},"19":{"start":{"line":46,"column":8},"end":{"line":51,"column":null}},"20":{"start":{"line":48,"column":12},"end":{"line":50,"column":null}},"21":{"start":{"line":53,"column":8},"end":{"line":53,"column":null}}},"fnMap":{"0":{"name":"(anonymous_0)","decl":{"start":{"line":11,"column":29},"end":{"line":11,"column":30}},"loc":{"start":{"line":11,"column":41},"end":{"line":17,"column":1}},"line":11},"1":{"name":"(anonymous_1)","decl":{"start":{"line":20,"column":4},"end":{"line":20,"column":5}},"loc":{"start":{"line":20,"column":18},"end":{"line":20,"column":null}},"line":20},"2":{"name":"(anonymous_2)","decl":{"start":{"line":21,"column":4},"end":{"line":21,"column":5}},"loc":{"start":{"line":21,"column":15},"end":{"line":54,"column":null}},"line":21},"3":{"name":"(anonymous_3)","decl":{"start":{"line":37,"column":23},"end":{"line":37,"column":29}},"loc":{"start":{"line":37,"column":29},"end":{"line":39,"column":15}},"line":37}},"branchMap":{"0":{"loc":{"start":{"line":4,"column":16},"end":{"line":4,"column":null}},"type":"binary-expr","locations":[{"start":{"line":4,"column":16},"end":{"line":4,"column":48}},{"start":{"line":4,"column":48},"end":{"line":4,"column":null}}],"line":4},"1":{"loc":{"start":{"line":13,"column":4},"end":{"line":15,"column":null}},"type":"if","locations":[{"start":{"line":13,"column":4},"end":{"line":15,"column":null}},{"start":{},"end":{}}],"line":13},"2":{"loc":{"start":{"line":22,"column":8},"end":{"line":51,"column":null}},"type":"if","locations":[{"start":{"line":22,"column":8},"end":{"line":51,"column":null}},{"start":{"line":26,"column":8},"end":{"line":51,"column":null}}],"line":22},"3":{"loc":{"start":{"line":26,"column":8},"end":{"line":51,"column":null}},"type":"if","locations":[{"start":{"line":26,"column":8},"end":{"line":51,"column":null}},{"start":{"line":40,"column":8},"end":{"line":51,"column":null}}],"line":26},"4":{"loc":{"start":{"line":40,"column":8},"end":{"line":51,"column":null}},"type":"if","locations":[{"start":{"line":40,"column":8},"end":{"line":51,"column":null}},{"start":{"line":46,"column":8},"end":{"line":51,"column":null}}],"line":40},"5":{"loc":{"start":{"line":46,"column":8},"end":{"line":51,"column":null}},"type":"if","locations":[{"start":{"line":46,"column":8},"end":{"line":51,"column":null}},{"start":{},"end":{}}],"line":46}},"s":{"0":3,"1":3,"2":3,"3":2,"4":2,"5":1,"6":2,"7":3,"8":1,"9":4,"10":1,"11":3,"12":1,"13":1,"14":1,"15":1,"16":1,"17":2,"18":1,"19":1,"20":1,"21":4},"f":{"0":2,"1":1,"2":4,"3":1},"b":{"0":[3,3],"1":[1,1],"2":[1,3],"3":[1,2],"4":[1,1],"5":[1,0]},"meta":{"lastBranch":6,"lastFunction":4,"lastStatement":22,"seen":{"s:4:16:4:Infinity":0,"b:4:16:4:48:4:48:4:Infinity":0,"s:6:12:9:Infinity":1,"s:11:0:17:Infinity":2,"f:11:29:11:30":0,"s:12:18:12:Infinity":3,"b:13:4:15:Infinity:undefined:undefined:undefined:undefined":1,"s:13:4:15:Infinity":4,"s:14:8:14:Infinity":5,"s:16:4:16:Infinity":6,"s:19:0:55:Infinity":7,"f:20:4:20:5":1,"s:20:18:20:Infinity":8,"f:21:4:21:5":2,"b:22:8:51:Infinity:26:8:51:Infinity":2,"s:22:8:51:Infinity":9,"s:23:12:25:Infinity":10,"b:26:8:51:Infinity:40:8:51:Infinity":3,"s:26:8:51:Infinity":11,"s:29:12:29:Infinity":12,"s:30:12:30:Infinity":13,"s:32:12:34:Infinity":14,"s:37:12:39:Infinity":15,"f:37:23:37:29":3,"s:38:16:38:Infinity":16,"b:40:8:51:Infinity:46:8:51:Infinity":4,"s:40:8:51:Infinity":17,"s:43:12:45:Infinity":18,"b:46:8:51:Infinity:undefined:undefined:undefined:undefined":5,"s:46:8:51:Infinity":19,"s:48:12:50:Infinity":20,"s:53:8:53:Infinity":21}}}
,"E:\\Projetos VSCODE\\licitadocs\\frontend\\src\\services\\authService.ts": {"path":"E:\\Projetos VSCODE\\licitadocs\\frontend\\src\\services\\authService.ts","statementMap":{"0":{"start":{"line":13,"column":27},"end":{"line":33,"column":null}},"1":{"start":{"line":16,"column":25},"end":{"line":16,"column":null}},"2":{"start":{"line":17,"column":8},"end":{"line":17,"column":null}},"3":{"start":{"line":18,"column":8},"end":{"line":18,"column":null}},"4":{"start":{"line":20,"column":25},"end":{"line":20,"column":null}},"5":{"start":{"line":21,"column":8},"end":{"line":21,"column":null}},"6":{"start":{"line":27,"column":8},"end":{"line":31,"column":null}}},"fnMap":{"0":{"name":"(anonymous_0)","decl":{"start":{"line":15,"column":12},"end":{"line":15,"column":19}},"loc":{"start":{"line":15,"column":85},"end":{"line":22,"column":null}},"line":15},"1":{"name":"(anonymous_1)","decl":{"start":{"line":26,"column":14},"end":{"line":26,"column":21}},"loc":{"start":{"line":26,"column":63},"end":{"line":32,"column":null}},"line":26}},"branchMap":{},"s":{"0":2,"1":2,"2":2,"3":2,"4":2,"5":1,"6":2},"f":{"0":2,"1":2},"b":{},"meta":{"lastBranch":0,"lastFunction":2,"lastStatement":7,"seen":{"s:13:27:33:Infinity":0,"f:15:12:15:19":0,"s:16:25:16:Infinity":1,"s:17:8:17:Infinity":2,"s:18:8:18:Infinity":3,"s:20:25:20:Infinity":4,"s:21:8:21:Infinity":5,"f:26:14:26:21":1,"s:27:8:31:Infinity":6}}}
,"E:\\Projetos VSCODE\\licitadocs\\frontend\\src\\services\\companyService.ts": {"path":"E:\\Projetos VSCODE\\licitadocs\\frontend\\src\\services\\companyService.ts","statementMap":{"0":{"start":{"line":76,"column":30},"end":{"line":110,"column":null}},"1":{"start":{"line":79,"column":25},"end":{"line":79,"column":null}},"2":{"start":{"line":80,"column":8},"end":{"line":80,"column":null}},"3":{"start":{"line":85,"column":25},"end":{"line":85,"column":null}},"4":{"start":{"line":86,"column":8},"end":{"line":86,"column":null}},"5":{"start":{"line":91,"column":25},"end":{"line":91,"column":null}},"6":{"start":{"line":92,"column":8},"end":{"line":92,"column":null}},"7":{"start":{"line":97,"column":25},"end":{"line":97,"column":null}},"8":{"start":{"line":98,"column":8},"end":{"line":98,"column":null}},"9":{"start":{"line":102,"column":25},"end":{"line":102,"column":null}},"10":{"start":{"line":103,"column":8},"end":{"line":103,"column":null}},"11":{"start":{"line":107,"column":25},"end":{"line":107,"column":null}},"12":{"start":{"line":108,"column":8},"end":{"line":108,"column":null}}},"fnMap":{"0":{"name":"(anonymous_0)","decl":{"start":{"line":78,"column":13},"end":{"line":78,"column":20}},"loc":{"start":{"line":78,"column":69},"end":{"line":81,"column":null}},"line":78},"1":{"name":"(anonymous_1)","decl":{"start":{"line":84,"column":12},"end":{"line":84,"column":19}},"loc":{"start":{"line":84,"column":90},"end":{"line":87,"column":null}},"line":84},"2":{"name":"(anonymous_2)","decl":{"start":{"line":90,"column":18},"end":{"line":90,"column":25}},"loc":{"start":{"line":90,"column":96},"end":{"line":93,"column":null}},"line":90},"3":{"name":"(anonymous_3)","decl":{"start":{"line":96,"column":12},"end":{"line":96,"column":44}},"loc":{"start":{"line":96,"column":44},"end":{"line":99,"column":null}},"line":96},"4":{"name":"(anonymous_4)","decl":{"start":{"line":101,"column":13},"end":{"line":101,"column":20}},"loc":{"start":{"line":101,"column":53},"end":{"line":104,"column":null}},"line":101},"5":{"name":"(anonymous_5)","decl":{"start":{"line":106,"column":12},"end":{"line":106,"column":19}},"loc":{"start":{"line":106,"column":63},"end":{"line":109,"column":null}},"line":106}},"branchMap":{},"s":{"0":2,"1":1,"2":1,"3":2,"4":1,"5":1,"6":1,"7":1,"8":1,"9":1,"10":1,"11":0,"12":0},"f":{"0":1,"1":2,"2":1,"3":1,"4":1,"5":0},"b":{},"meta":{"lastBranch":0,"lastFunction":6,"lastStatement":13,"seen":{"s:76:30:110:Infinity":0,"f:78:13:78:20":0,"s:79:25:79:Infinity":1,"s:80:8:80:Infinity":2,"f:84:12:84:19":1,"s:85:25:85:Infinity":3,"s:86:8:86:Infinity":4,"f:90:18:90:25":2,"s:91:25:91:Infinity":5,"s:92:8:92:Infinity":6,"f:96:12:96:44":3,"s:97:25:97:Infinity":7,"s:98:8:98:Infinity":8,"f:101:13:101:20":4,"s:102:25:102:Infinity":9,"s:103:8:103:Infinity":10,"f:106:12:106:19":5,"s:107:25:107:Infinity":11,"s:108:8:108:Infinity":12}}}
,"E:\\Projetos VSCODE\\licitadocs\\frontend\\src\\services\\dashboardService.ts": {"path":"E:\\Projetos VSCODE\\licitadocs\\frontend\\src\\services\\dashboardService.ts","statementMap":{"0":{"start":{"line":24,"column":32},"end":{"line":38,"column":null}},"1":{"start":{"line":26,"column":25},"end":{"line":26,"column":null}},"2":{"start":{"line":27,"column":8},"end":{"line":27,"column":null}},"3":{"start":{"line":31,"column":20},"end":{"line":33,"column":null}},"4":{"start":{"line":35,"column":25},"end":{"line":35,"column":null}},"5":{"start":{"line":36,"column":8},"end":{"line":36,"column":null}}},"fnMap":{"0":{"name":"(anonymous_0)","decl":{"start":{"line":25,"column":19},"end":{"line":25,"column":52}},"loc":{"start":{"line":25,"column":52},"end":{"line":28,"column":null}},"line":25},"1":{"name":"(anonymous_1)","decl":{"start":{"line":30,"column":20},"end":{"line":30,"column":27}},"loc":{"start":{"line":30,"column":72},"end":{"line":37,"column":null}},"line":30}},"branchMap":{"0":{"loc":{"start":{"line":31,"column":20},"end":{"line":33,"column":null}},"type":"cond-expr","locations":[{"start":{"line":32,"column":14},"end":{"line":32,"column":null}},{"start":{"line":33,"column":14},"end":{"line":33,"column":null}}],"line":31}},"s":{"0":1,"1":2,"2":1,"3":3,"4":3,"5":2},"f":{"0":2,"1":3},"b":{"0":[2,1]},"meta":{"lastBranch":1,"lastFunction":2,"lastStatement":6,"seen":{"s:24:32:38:Infinity":0,"f:25:19:25:52":0,"s:26:25:26:Infinity":1,"s:27:8:27:Infinity":2,"f:30:20:30:27":1,"s:31:20:33:Infinity":3,"b:32:14:32:Infinity:33:14:33:Infinity":0,"s:35:25:35:Infinity":4,"s:36:8:36:Infinity":5}}}
,"E:\\Projetos VSCODE\\licitadocs\\frontend\\src\\services\\documentService.ts": {"path":"E:\\Projetos VSCODE\\licitadocs\\frontend\\src\\services\\documentService.ts","statementMap":{"0":{"start":{"line":74,"column":31},"end":{"line":177,"column":null}},"1":{"start":{"line":80,"column":25},"end":{"line":80,"column":null}},"2":{"start":{"line":81,"column":8},"end":{"line":81,"column":null}},"3":{"start":{"line":89,"column":20},"end":{"line":91,"column":null}},"4":{"start":{"line":93,"column":25},"end":{"line":93,"column":null}},"5":{"start":{"line":94,"column":8},"end":{"line":94,"column":null}},"6":{"start":{"line":113,"column":25},"end":{"line":113,"column":null}},"7":{"start":{"line":114,"column":8},"end":{"line":114,"column":null}},"8":{"start":{"line":115,"column":8},"end":{"line":115,"column":null}},"9":{"start":{"line":118,"column":8},"end":{"line":118,"column":null}},"10":{"start":{"line":118,"column":28},"end":{"line":118,"column":null}},"11":{"start":{"line":119,"column":8},"end":{"line":119,"column":null}},"12":{"start":{"line":119,"column":29},"end":{"line":119,"column":null}},"13":{"start":{"line":120,"column":8},"end":{"line":120,"column":null}},"14":{"start":{"line":120,"column":41},"end":{"line":120,"column":null}},"15":{"start":{"line":121,"column":8},"end":{"line":121,"column":null}},"16":{"start":{"line":121,"column":37},"end":{"line":121,"column":null}},"17":{"start":{"line":123,"column":25},"end":{"line":123,"column":null}},"18":{"start":{"line":124,"column":8},"end":{"line":124,"column":null}},"19":{"start":{"line":132,"column":25},"end":{"line":134,"column":null}},"20":{"start":{"line":136,"column":20},"end":{"line":136,"column":null}},"21":{"start":{"line":137,"column":21},"end":{"line":137,"column":null}},"22":{"start":{"line":139,"column":8},"end":{"line":139,"column":null}},"23":{"start":{"line":140,"column":8},"end":{"line":140,"column":null}},"24":{"start":{"line":141,"column":8},"end":{"line":141,"column":null}},"25":{"start":{"line":143,"column":8},"end":{"line":143,"column":null}},"26":{"start":{"line":145,"column":8},"end":{"line":145,"column":null}},"27":{"start":{"line":146,"column":8},"end":{"line":146,"column":null}},"28":{"start":{"line":150,"column":25},"end":{"line":150,"column":null}},"29":{"start":{"line":151,"column":8},"end":{"line":151,"column":null}},"30":{"start":{"line":155,"column":25},"end":{"line":155,"column":null}},"31":{"start":{"line":156,"column":8},"end":{"line":156,"column":null}},"32":{"start":{"line":160,"column":8},"end":{"line":160,"column":null}},"33":{"start":{"line":165,"column":25},"end":{"line":165,"column":null}},"34":{"start":{"line":166,"column":8},"end":{"line":166,"column":null}},"35":{"start":{"line":170,"column":25},"end":{"line":170,"column":null}},"36":{"start":{"line":171,"column":8},"end":{"line":171,"column":null}},"37":{"start":{"line":175,"column":8},"end":{"line":175,"column":null}}},"fnMap":{"0":{"name":"(anonymous_0)","decl":{"start":{"line":79,"column":14},"end":{"line":79,"column":58}},"loc":{"start":{"line":79,"column":58},"end":{"line":82,"column":null}},"line":79},"1":{"name":"(anonymous_1)","decl":{"start":{"line":88,"column":12},"end":{"line":88,"column":19}},"loc":{"start":{"line":88,"column":66},"end":{"line":95,"column":null}},"line":88},"2":{"name":"(anonymous_2)","decl":{"start":{"line":103,"column":12},"end":{"line":103,"column":null}},"loc":{"start":{"line":112,"column":31},"end":{"line":125,"column":null}},"line":112},"3":{"name":"(anonymous_3)","decl":{"start":{"line":131,"column":22},"end":{"line":131,"column":29}},"loc":{"start":{"line":131,"column":80},"end":{"line":147,"column":null}},"line":131},"4":{"name":"(anonymous_4)","decl":{"start":{"line":149,"column":20},"end":{"line":149,"column":27}},"loc":{"start":{"line":149,"column":96},"end":{"line":152,"column":null}},"line":149},"5":{"name":"(anonymous_5)","decl":{"start":{"line":154,"column":20},"end":{"line":154,"column":27}},"loc":{"start":{"line":154,"column":108},"end":{"line":157,"column":null}},"line":154},"6":{"name":"(anonymous_6)","decl":{"start":{"line":159,"column":20},"end":{"line":159,"column":27}},"loc":{"start":{"line":159,"column":57},"end":{"line":161,"column":null}},"line":159},"7":{"name":"(anonymous_7)","decl":{"start":{"line":164,"column":16},"end":{"line":164,"column":23}},"loc":{"start":{"line":164,"column":84},"end":{"line":167,"column":null}},"line":164},"8":{"name":"(anonymous_8)","decl":{"start":{"line":169,"column":16},"end":{"line":169,"column":23}},"loc":{"start":{"line":169,"column":96},"end":{"line":172,"column":null}},"line":169},"9":{"name":"(anonymous_9)","decl":{"start":{"line":174,"column":16},"end":{"line":174,"column":23}},"loc":{"start":{"line":174,"column":53},"end":{"line":176,"column":null}},"line":174}},"branchMap":{"0":{"loc":{"start":{"line":89,"column":20},"end":{"line":91,"column":null}},"type":"cond-expr","locations":[{"start":{"line":90,"column":14},"end":{"line":90,"column":null}},{"start":{"line":91,"column":14},"end":{"line":91,"column":null}}],"line":89},"1":{"loc":{"start":{"line":118,"column":8},"end":{"line":118,"column":null}},"type":"if","locations":[{"start":{"line":118,"column":8},"end":{"line":118,"column":null}},{"start":{},"end":{}}],"line":118},"2":{"loc":{"start":{"line":119,"column":8},"end":{"line":119,"column":null}},"type":"if","locations":[{"start":{"line":119,"column":8},"end":{"line":119,"column":null}},{"start":{},"end":{}}],"line":119},"3":{"loc":{"start":{"line":120,"column":8},"end":{"line":120,"column":null}},"type":"if","locations":[{"start":{"line":120,"column":8},"end":{"line":120,"column":null}},{"start":{},"end":{}}],"line":120},"4":{"loc":{"start":{"line":121,"column":8},"end":{"line":121,"column":null}},"type":"if","locations":[{"start":{"line":121,"column":8},"end":{"line":121,"column":null}},{"start":{},"end":{}}],"line":121}},"s":{"0":3,"1":1,"2":1,"3":2,"4":2,"5":2,"6":1,"7":1,"8":1,"9":1,"10":1,"11":1,"12":1,"13":1,"14":1,"15":1,"16":1,"17":1,"18":1,"19":1,"20":1,"21":1,"22":1,"23":1,"24":1,"25":1,"26":1,"27":1,"28":1,"29":1,"30":0,"31":0,"32":0,"33":0,"34":0,"35":0,"36":0,"37":1},"f":{"0":1,"1":2,"2":1,"3":1,"4":1,"5":0,"6":0,"7":0,"8":0,"9":1},"b":{"0":[1,1],"1":[1,0],"2":[1,0],"3":[1,0],"4":[1,0]},"meta":{"lastBranch":5,"lastFunction":10,"lastStatement":38,"seen":{"s:74:31:177:Infinity":0,"f:79:14:79:58":0,"s:80:25:80:Infinity":1,"s:81:8:81:Infinity":2,"f:88:12:88:19":1,"s:89:20:91:Infinity":3,"b:90:14:90:Infinity:91:14:91:Infinity":0,"s:93:25:93:Infinity":4,"s:94:8:94:Infinity":5,"f:103:12:103:Infinity":2,"s:113:25:113:Infinity":6,"s:114:8:114:Infinity":7,"s:115:8:115:Infinity":8,"b:118:8:118:Infinity:undefined:undefined:undefined:undefined":1,"s:118:8:118:Infinity":9,"s:118:28:118:Infinity":10,"b:119:8:119:Infinity:undefined:undefined:undefined:undefined":2,"s:119:8:119:Infinity":11,"s:119:29:119:Infinity":12,"b:120:8:120:Infinity:undefined:undefined:undefined:undefined":3,"s:120:8:120:Infinity":13,"s:120:41:120:Infinity":14,"b:121:8:121:Infinity:undefined:undefined:undefined:undefined":4,"s:121:8:121:Infinity":15,"s:121:37:121:Infinity":16,"s:123:25:123:Infinity":17,"s:124:8:124:Infinity":18,"f:131:22:131:29":3,"s:132:25:134:Infinity":19,"s:136:20:136:Infinity":20,"s:137:21:137:Infinity":21,"s:139:8:139:Infinity":22,"s:140:8:140:Infinity":23,"s:141:8:141:Infinity":24,"s:143:8:143:Infinity":25,"s:145:8:145:Infinity":26,"s:146:8:146:Infinity":27,"f:149:20:149:27":4,"s:150:25:150:Infinity":28,"s:151:8:151:Infinity":29,"f:154:20:154:27":5,"s:155:25:155:Infinity":30,"s:156:8:156:Infinity":31,"f:159:20:159:27":6,"s:160:8:160:Infinity":32,"f:164:16:164:23":7,"s:165:25:165:Infinity":33,"s:166:8:166:Infinity":34,"f:169:16:169:23":8,"s:170:25:170:Infinity":35,"s:171:8:171:Infinity":36,"f:174:16:174:23":9,"s:175:8:175:Infinity":37}}}
,"E:\\Projetos VSCODE\\licitadocs\\frontend\\src\\services\\userService.ts": {"path":"E:\\Projetos VSCODE\\licitadocs\\frontend\\src\\services\\userService.ts","statementMap":{"0":{"start":{"line":21,"column":27},"end":{"line":37,"column":null}},"1":{"start":{"line":26,"column":25},"end":{"line":26,"column":null}},"2":{"start":{"line":27,"column":8},"end":{"line":27,"column":null}},"3":{"start":{"line":34,"column":25},"end":{"line":34,"column":null}},"4":{"start":{"line":35,"column":8},"end":{"line":35,"column":null}}},"fnMap":{"0":{"name":"(anonymous_0)","decl":{"start":{"line":25,"column":20},"end":{"line":25,"column":56}},"loc":{"start":{"line":25,"column":56},"end":{"line":28,"column":null}},"line":25},"1":{"name":"(anonymous_1)","decl":{"start":{"line":33,"column":11},"end":{"line":33,"column":45}},"loc":{"start":{"line":33,"column":45},"end":{"line":36,"column":null}},"line":33}},"branchMap":{},"s":{"0":1,"1":2,"2":1,"3":2,"4":1},"f":{"0":2,"1":2},"b":{},"meta":{"lastBranch":0,"lastFunction":2,"lastStatement":5,"seen":{"s:21:27:37:Infinity":0,"f:25:20:25:56":0,"s:26:25:26:Infinity":1,"s:27:8:27:Infinity":2,"f:33:11:33:45":1,"s:34:25:34:Infinity":3,"s:35:8:35:Infinity":4}}}
}
